#
# A fatal error has been detected by the Java Runtime Environment:
#
#  EXCEPTION_ACCESS_VIOLATION (0xc0000005) at pc=0x0000000077becbf2, pid=13944, tid=0x0000000000002014
#
# JRE version: OpenJDK Runtime Environment (8.0_302-b08) (build 1.8.0_302-b08)
# Java VM: OpenJDK 64-Bit Server VM (25.302-b08 mixed mode windows-amd64 compressed oops)
# Problematic frame:
# V  [jvm.dll+0x45cbf2]
#
# Failed to write core dump. Minidumps are not enabled by default on client versions of Windows
#
# If you would like to submit a bug report, please visit:
#   https://github.com/adoptium/adoptium-support/issues
#

---------------  T H R E A D  ---------------

Current thread (0x000001dbdce51000):  JavaThread "C2 CompilerThread1" daemon [_thread_in_native, id=8212, stack(0x000000db8dc00000,0x000000db8dd00000)]

siginfo: ExceptionCode=0xc0000005, reading address 0x000001dae3d01f80

Registers:
RAX=0x000001dbe44b86d0, RBX=0x000001dae3d01f58, RCX=0x000001dbe45420b0, RDX=0x000001dae3d01f58
RSP=0x000000db8dcfb880, RBP=0x000000db8dcfb9d0, RSI=0x000001dbe4542148, RDI=0x000001dbe3d01f40
R8 =0x000000db8dcfb9e0, R9 =0x000001dbe6d20540, R10=0x0000000000000000, R11=0x000001dbe41f93b8
R12=0x00000000000000ff, R13=0x0000000000000000, R14=0x000001dbe45420b0, R15=0x00000000000000c0
RIP=0x0000000077becbf2, EFLAGS=0x0000000000010202

Top of Stack: (sp=0x000000db8dcfb880)
0x000000db8dcfb880:   000001dbe4025730 000000db8dcfb9e0
0x000000db8dcfb890:   000001dbe4542190 0000000077d09a84
0x000000db8dcfb8a0:   000000db8dcfb9e0 000001dbe4542148
0x000000db8dcfb8b0:   00000000000000c0 000001dbe3d01f40
0x000000db8dcfb8c0:   000001dbe4542148 0000000077bedcbe
0x000000db8dcfb8d0:   000001dbe45420b0 000001dae3d01f58
0x000000db8dcfb8e0:   000000db8dcfb9d0 000000007783caac
0x000000db8dcfb8f0:   000001dbc985e560 000000db8dcfb9e0
0x000000db8dcfb900:   00000400000002a1 0000000000000000
0x000000db8dcfb910:   000000000000000f 000001dbe6f82e30
0x000000db8dcfb920:   000000800000005a 0000000000000000
0x000000db8dcfb930:   000000000000000f 000001dbe4453f60
0x000000db8dcfb940:   0000004000000024 0000000000000000
0x000000db8dcfb950:   000001db0000000f 000001dbe4454660
0x000000db8dcfb960:   0000000200000000 0000000000000000
0x000000db8dcfb970:   000000000000000f 000001dbe4537720 

Instructions: (pc=0x0000000077becbf2)
0x0000000077becbd2:   48 83 c4 20 5f c3 cc cc cc cc cc cc cc cc 48 89
0x0000000077becbe2:   5c 24 10 48 89 6c 24 18 56 57 41 57 48 83 ec 30
0x0000000077becbf2:   48 63 42 28 48 8b a9 90 00 00 00 49 8b f0 4c 8d
0x0000000077becc02:   3c c5 00 00 00 00 48 8b 41 18 48 8b da 49 83 3c 


Register to memory mapping:

RAX=0x000001dbe44b86d0 is an unknown value
RBX=0x000001dae3d01f58 is an unknown value
RCX=0x000001dbe45420b0 is an unknown value
RDX=0x000001dae3d01f58 is an unknown value
RSP=0x000000db8dcfb880 is pointing into the stack for thread: 0x000001dbdce51000
RBP=0x000000db8dcfb9d0 is pointing into the stack for thread: 0x000001dbdce51000
RSI=0x000001dbe4542148 is an unknown value
RDI=0x000001dbe3d01f40 is an unknown value
R8 =0x000000db8dcfb9e0 is pointing into the stack for thread: 0x000001dbdce51000
R9 =0x000001dbe6d20540 is an unknown value
R10=0x0000000000000000 is an unknown value
R11=0x000001dbe41f93b8 is an unknown value
R12=0x00000000000000ff is an unknown value
R13=0x0000000000000000 is an unknown value
R14=0x000001dbe45420b0 is an unknown value
R15=0x00000000000000c0 is an unknown value


Stack: [0x000000db8dc00000,0x000000db8dd00000],  sp=0x000000db8dcfb880,  free space=1006k
Native frames: (J=compiled Java code, j=interpreted, Vv=VM code, C=native code)
V  [jvm.dll+0x45cbf2]
V  [jvm.dll+0x45dcbe]
V  [jvm.dll+0x45e646]
V  [jvm.dll+0x449924]
V  [jvm.dll+0x447a1f]
V  [jvm.dll+0x433ae7]
V  [jvm.dll+0x83e61]
V  [jvm.dll+0x8290f]
V  [jvm.dll+0x215a4f]
V  [jvm.dll+0x26706a]
C  [msvcr120.dll+0x24f7f]
C  [msvcr120.dll+0x25126]
C  [KERNEL32.DLL+0x17034]
C  [ntdll.dll+0x52651]


Current CompileTask:
C2:  46602 5513 %     4       groovy.lang.MetaClassImpl::inheritInterfaceNewMetaMethods @ 104 (199 bytes)


---------------  P R O C E S S  ---------------

Java Threads: ( => current thread )
  0x000001dbe1a44000 JavaThread "Memory manager" [_thread_blocked, id=1624, stack(0x000000db96000000,0x000000db96100000)]
  0x000001dbe1a43000 JavaThread "jar transforms Thread 99" [_thread_blocked, id=6212, stack(0x000000db95f00000,0x000000db96000000)]
  0x000001dbe1a3b000 JavaThread "jar transforms Thread 98" [_thread_blocked, id=18512, stack(0x000000db95e00000,0x000000db95f00000)]
  0x000001dbe1a42000 JavaThread "jar transforms Thread 97" [_thread_blocked, id=1016, stack(0x000000db95d00000,0x000000db95e00000)]
  0x000001dbe1a40000 JavaThread "jar transforms Thread 96" [_thread_blocked, id=19368, stack(0x000000db95c00000,0x000000db95d00000)]
  0x000001dbe1a3f000 JavaThread "jar transforms Thread 95" [_thread_blocked, id=14708, stack(0x000000db95b00000,0x000000db95c00000)]
  0x000001dbe1a3a800 JavaThread "jar transforms Thread 94" [_thread_blocked, id=9420, stack(0x000000db95a00000,0x000000db95b00000)]
  0x000001dbe1a40800 JavaThread "jar transforms Thread 93" [_thread_blocked, id=812, stack(0x000000db95900000,0x000000db95a00000)]
  0x000001dbe1a41800 JavaThread "jar transforms Thread 92" [_thread_blocked, id=4552, stack(0x000000db95800000,0x000000db95900000)]
  0x000001dbe1a3e800 JavaThread "jar transforms Thread 91" [_thread_blocked, id=18468, stack(0x000000db95700000,0x000000db95800000)]
  0x000001dbe2789800 JavaThread "jar transforms Thread 90" [_thread_blocked, id=19028, stack(0x000000db95600000,0x000000db95700000)]
  0x000001dbe2786800 JavaThread "jar transforms Thread 89" [_thread_blocked, id=9040, stack(0x000000db95500000,0x000000db95600000)]
  0x000001dbe2782800 JavaThread "jar transforms Thread 88" [_thread_blocked, id=14284, stack(0x000000db95400000,0x000000db95500000)]
  0x000001dbe2786000 JavaThread "jar transforms Thread 87" [_thread_blocked, id=11620, stack(0x000000db95300000,0x000000db95400000)]
  0x000001dbe2789000 JavaThread "jar transforms Thread 86" [_thread_blocked, id=7244, stack(0x000000db95200000,0x000000db95300000)]
  0x000001dbe2787800 JavaThread "jar transforms Thread 85" [_thread_blocked, id=14332, stack(0x000000db95100000,0x000000db95200000)]
  0x000001dbe2785000 JavaThread "jar transforms Thread 84" [_thread_blocked, id=12788, stack(0x000000db95000000,0x000000db95100000)]
  0x000001dbe2784000 JavaThread "jar transforms Thread 83" [_thread_blocked, id=12608, stack(0x000000db94f00000,0x000000db95000000)]
  0x000001dbe2788000 JavaThread "jar transforms Thread 82" [_thread_blocked, id=9488, stack(0x000000db94e00000,0x000000db94f00000)]
  0x000001dbe277c800 JavaThread "jar transforms Thread 81" [_thread_blocked, id=8788, stack(0x000000db94d00000,0x000000db94e00000)]
  0x000001dbe2781000 JavaThread "jar transforms Thread 80" [_thread_blocked, id=18144, stack(0x000000db94c00000,0x000000db94d00000)]
  0x000001dbe277d000 JavaThread "jar transforms Thread 79" [_thread_blocked, id=4140, stack(0x000000db94b00000,0x000000db94c00000)]
  0x000001dbe2783800 JavaThread "jar transforms Thread 78" [_thread_blocked, id=10124, stack(0x000000db94a00000,0x000000db94b00000)]
  0x000001dbe277b800 JavaThread "jar transforms Thread 77" [_thread_blocked, id=15108, stack(0x000000db94900000,0x000000db94a00000)]
  0x000001dbe2780800 JavaThread "jar transforms Thread 76" [_thread_blocked, id=16564, stack(0x000000db94800000,0x000000db94900000)]
  0x000001dbe277b000 JavaThread "jar transforms Thread 75" [_thread_blocked, id=14416, stack(0x000000db94700000,0x000000db94800000)]
  0x000001dbe277f800 JavaThread "jar transforms Thread 74" [_thread_blocked, id=11568, stack(0x000000db94600000,0x000000db94700000)]
  0x000001dbe277e800 JavaThread "jar transforms Thread 73" [_thread_blocked, id=17088, stack(0x000000db94500000,0x000000db94600000)]
  0x000001dbe2782000 JavaThread "jar transforms Thread 72" [_thread_blocked, id=17736, stack(0x000000db94400000,0x000000db94500000)]
  0x000001dbe277e000 JavaThread "jar transforms Thread 71" [_thread_blocked, id=9604, stack(0x000000db94300000,0x000000db94400000)]
  0x000001dbe39e4800 JavaThread "jar transforms Thread 70" [_thread_blocked, id=1996, stack(0x000000db94200000,0x000000db94300000)]
  0x000001dbe39e3800 JavaThread "jar transforms Thread 69" [_thread_blocked, id=9252, stack(0x000000db94100000,0x000000db94200000)]
  0x000001dbe39e2800 JavaThread "jar transforms Thread 68" [_thread_blocked, id=12044, stack(0x000000db94000000,0x000000db94100000)]
  0x000001dbe39e1000 JavaThread "jar transforms Thread 67" [_thread_blocked, id=14400, stack(0x000000db93f00000,0x000000db94000000)]
  0x000001dbe39e2000 JavaThread "jar transforms Thread 66" [_thread_blocked, id=12128, stack(0x000000db93e00000,0x000000db93f00000)]
  0x000001dbe39e0800 JavaThread "jar transforms Thread 65" [_thread_blocked, id=10084, stack(0x000000db93d00000,0x000000db93e00000)]
  0x000001dbe39d8800 JavaThread "jar transforms Thread 64" [_thread_blocked, id=9596, stack(0x000000db93c00000,0x000000db93d00000)]
  0x000001dbe39df800 JavaThread "jar transforms Thread 63" [_thread_blocked, id=14888, stack(0x000000db93b00000,0x000000db93c00000)]
  0x000001dbe39d7800 JavaThread "jar transforms Thread 62" [_thread_blocked, id=18228, stack(0x000000db93a00000,0x000000db93b00000)]
  0x000001dbe39df000 JavaThread "jar transforms Thread 61" [_thread_blocked, id=13440, stack(0x000000db93900000,0x000000db93a00000)]
  0x000001dbe39db000 JavaThread "jar transforms Thread 60" [_thread_blocked, id=18628, stack(0x000000db93800000,0x000000db93900000)]
  0x000001dbe39de000 JavaThread "jar transforms Thread 59" [_thread_blocked, id=1888, stack(0x000000db93700000,0x000000db93800000)]
  0x000001dbe39d6000 JavaThread "jar transforms Thread 58" [_thread_blocked, id=7144, stack(0x000000db93600000,0x000000db93700000)]
  0x000001dbe39dd000 JavaThread "jar transforms Thread 57" [_thread_blocked, id=16344, stack(0x000000db93500000,0x000000db93600000)]
  0x000001dbe39d7000 JavaThread "jar transforms Thread 56" [_thread_blocked, id=19084, stack(0x000000db93400000,0x000000db93500000)]
  0x000001dbe39da000 JavaThread "jar transforms Thread 55" [_thread_blocked, id=18480, stack(0x000000db93300000,0x000000db93400000)]
  0x000001dbe39dc800 JavaThread "jar transforms Thread 54" [_thread_blocked, id=10864, stack(0x000000db93200000,0x000000db93300000)]
  0x000001dbe39d5800 JavaThread "jar transforms Thread 53" [_thread_blocked, id=10888, stack(0x000000db93100000,0x000000db93200000)]
  0x000001dbe39db800 JavaThread "jar transforms Thread 52" [_thread_blocked, id=14012, stack(0x000000db93000000,0x000000db93100000)]
  0x000001dbe39d9800 JavaThread "jar transforms Thread 51" [_thread_blocked, id=7860, stack(0x000000db92f00000,0x000000db93000000)]
  0x000001dbded86000 JavaThread "jar transforms Thread 50" [_thread_blocked, id=9812, stack(0x000000db92e00000,0x000000db92f00000)]
  0x000001dbded85000 JavaThread "jar transforms Thread 49" [_thread_blocked, id=14216, stack(0x000000db92d00000,0x000000db92e00000)]
  0x000001dbded7d000 JavaThread "jar transforms Thread 48" [_thread_blocked, id=18936, stack(0x000000db92c00000,0x000000db92d00000)]
  0x000001dbded84800 JavaThread "jar transforms Thread 47" [_thread_blocked, id=11624, stack(0x000000db92b00000,0x000000db92c00000)]
  0x000001dbded7c800 JavaThread "jar transforms Thread 46" [_thread_blocked, id=18188, stack(0x000000db92a00000,0x000000db92b00000)]
  0x000001dbded83800 JavaThread "jar transforms Thread 45" [_thread_blocked, id=3804, stack(0x000000db92900000,0x000000db92a00000)]
  0x000001dbded82800 JavaThread "jar transforms Thread 44" [_thread_blocked, id=11088, stack(0x000000db92800000,0x000000db92900000)]
  0x000001dbded7b000 JavaThread "jar transforms Thread 43" [_thread_blocked, id=7328, stack(0x000000db92700000,0x000000db92800000)]
  0x000001dbded7f800 JavaThread "jar transforms Thread 42" [_thread_blocked, id=2136, stack(0x000000db92600000,0x000000db92700000)]
  0x000001dbded7f000 JavaThread "jar transforms Thread 41" [_thread_blocked, id=10696, stack(0x000000db92500000,0x000000db92600000)]
  0x000001dbded82000 JavaThread "jar transforms Thread 40" [_thread_blocked, id=12048, stack(0x000000db92400000,0x000000db92500000)]
  0x000001dbded80800 JavaThread "jar transforms Thread 39" [_thread_blocked, id=10152, stack(0x000000db92300000,0x000000db92400000)]
  0x000001dbded81000 JavaThread "jar transforms Thread 38" [_thread_blocked, id=12880, stack(0x000000db92200000,0x000000db92300000)]
  0x000001dbded77800 JavaThread "jar transforms Thread 37" [_thread_blocked, id=8784, stack(0x000000db92100000,0x000000db92200000)]
  0x000001dbded77000 JavaThread "jar transforms Thread 36" [_thread_blocked, id=13904, stack(0x000000db92000000,0x000000db92100000)]
  0x000001dbded7a000 JavaThread "jar transforms Thread 35" [_thread_blocked, id=18440, stack(0x000000db91f00000,0x000000db92000000)]
  0x000001dbded79800 JavaThread "jar transforms Thread 34" [_thread_blocked, id=9900, stack(0x000000db91e00000,0x000000db91f00000)]
  0x000001dbded7b800 JavaThread "jar transforms Thread 33" [_thread_blocked, id=8232, stack(0x000000db91d00000,0x000000db91e00000)]
  0x000001dbded78800 JavaThread "jar transforms Thread 32" [_thread_blocked, id=10116, stack(0x000000db91c00000,0x000000db91d00000)]
  0x000001dbded7e000 JavaThread "jar transforms Thread 31" [_thread_blocked, id=16540, stack(0x000000db91b00000,0x000000db91c00000)]
  0x000001dbe0a39800 JavaThread "jar transforms Thread 30" [_thread_blocked, id=17520, stack(0x000000db91a00000,0x000000db91b00000)]
  0x000001dbe0a3b800 JavaThread "jar transforms Thread 29" [_thread_blocked, id=11512, stack(0x000000db91900000,0x000000db91a00000)]
  0x000001dbe0a3c000 JavaThread "jar transforms Thread 28" [_thread_blocked, id=16780, stack(0x000000db91800000,0x000000db91900000)]
  0x000001dbe0a39000 JavaThread "jar transforms Thread 27" [_thread_blocked, id=12840, stack(0x000000db91700000,0x000000db91800000)]
  0x000001dbe0a37800 JavaThread "jar transforms Thread 26" [_thread_blocked, id=13464, stack(0x000000db91600000,0x000000db91700000)]
  0x000001dbe0a36800 JavaThread "jar transforms Thread 25" [_thread_blocked, id=5708, stack(0x000000db91500000,0x000000db91600000)]
  0x000001dbe0a3d000 JavaThread "jar transforms Thread 24" [_thread_blocked, id=3372, stack(0x000000db91400000,0x000000db91500000)]
  0x000001dbe0a3a800 JavaThread "jar transforms Thread 23" [_thread_blocked, id=10104, stack(0x000000db91300000,0x000000db91400000)]
  0x000001dbe0a38000 JavaThread "jar transforms Thread 22" [_thread_blocked, id=11980, stack(0x000000db91200000,0x000000db91300000)]
  0x000001dbe0a36000 JavaThread "jar transforms Thread 21" [_thread_blocked, id=4660, stack(0x000000db91100000,0x000000db91200000)]
  0x000001dbe0a2e000 JavaThread "jar transforms Thread 20" [_thread_blocked, id=17828, stack(0x000000db91000000,0x000000db91100000)]
  0x000001dbe0a35000 JavaThread "jar transforms Thread 19" [_thread_blocked, id=13928, stack(0x000000db90f00000,0x000000db91000000)]
  0x000001dbe0a32000 JavaThread "jar transforms Thread 18" [_thread_blocked, id=14756, stack(0x000000db90e00000,0x000000db90f00000)]
  0x000001dbe0a34000 JavaThread "jar transforms Thread 17" [_thread_blocked, id=9500, stack(0x000000db90d00000,0x000000db90e00000)]
  0x000001dbe0a31000 JavaThread "jar transforms Thread 16" [_thread_blocked, id=9816, stack(0x000000db90c00000,0x000000db90d00000)]
  0x000001dbe0a30800 JavaThread "jar transforms Thread 15" [_thread_blocked, id=6972, stack(0x000000db90b00000,0x000000db90c00000)]
  0x000001dbe0a2f800 JavaThread "jar transforms Thread 14" [_thread_blocked, id=18448, stack(0x000000db90a00000,0x000000db90b00000)]
  0x000001dbe0a33800 JavaThread "jar transforms Thread 13" [_thread_blocked, id=11920, stack(0x000000db90900000,0x000000db90a00000)]
  0x000001dbe0a2e800 JavaThread "jar transforms Thread 12" [_thread_blocked, id=11924, stack(0x000000db90800000,0x000000db90900000)]
  0x000001dbe0a32800 JavaThread "jar transforms Thread 11" [_thread_blocked, id=7828, stack(0x000000db90700000,0x000000db90800000)]
  0x000001dbe12e0000 JavaThread "jar transforms Thread 10" [_thread_blocked, id=16136, stack(0x000000db90600000,0x000000db90700000)]
  0x000001dbe12de800 JavaThread "jar transforms Thread 9" [_thread_blocked, id=14956, stack(0x000000db90500000,0x000000db90600000)]
  0x000001dbe12dd800 JavaThread "jar transforms Thread 8" [_thread_blocked, id=9232, stack(0x000000db90400000,0x000000db90500000)]
  0x000001dbe12dd000 JavaThread "jar transforms Thread 7" [_thread_blocked, id=18368, stack(0x000000db90300000,0x000000db90400000)]
  0x000001dbe12dc000 JavaThread "jar transforms Thread 6" [_thread_blocked, id=17516, stack(0x000000db90200000,0x000000db90300000)]
  0x000001dbe12df800 JavaThread "jar transforms Thread 5" [_thread_blocked, id=9340, stack(0x000000db90100000,0x000000db90200000)]
  0x000001dbe12db800 JavaThread "jar transforms Thread 4" [_thread_blocked, id=9724, stack(0x000000db90000000,0x000000db90100000)]
  0x000001dbe12d6000 JavaThread "jar transforms Thread 3" [_thread_blocked, id=13220, stack(0x000000db8ff00000,0x000000db90000000)]
  0x000001dbe12d5000 JavaThread "jar transforms Thread 2" [_thread_blocked, id=1240, stack(0x000000db8fe00000,0x000000db8ff00000)]
  0x000001dbe12d3800 JavaThread "Build operations Thread 8" [_thread_blocked, id=15992, stack(0x000000db8fd00000,0x000000db8fe00000)]
  0x000001dbe12da000 JavaThread "Build operations Thread 7" [_thread_blocked, id=15456, stack(0x000000db8fc00000,0x000000db8fd00000)]
  0x000001dbe12d8000 JavaThread "Build operations Thread 6" [_thread_blocked, id=7752, stack(0x000000db8fb00000,0x000000db8fc00000)]
  0x000001dbe12da800 JavaThread "Build operations Thread 5" [_thread_blocked, id=13496, stack(0x000000db8fa00000,0x000000db8fb00000)]
  0x000001dbe12d9000 JavaThread "Build operations Thread 4" [_thread_blocked, id=14544, stack(0x000000db8f900000,0x000000db8fa00000)]
  0x000001dbe12d2800 JavaThread "Build operations Thread 3" [_thread_blocked, id=14508, stack(0x000000db8f800000,0x000000db8f900000)]
  0x000001dbe12d4800 JavaThread "Build operations Thread 2" [_thread_blocked, id=16740, stack(0x000000db8f700000,0x000000db8f800000)]
  0x000001dbe12d2000 JavaThread "Build operations" [_thread_blocked, id=18348, stack(0x000000db8f600000,0x000000db8f700000)]
  0x000001dbe12d6800 JavaThread "Cache worker for Build Output Cleanup Cache (C:\Users\Takudzwa\Documents\Projects\Mobile_Project_Tests\voximplant\react-native-demo\VoximplantDemo\android\.gradle\buildOutputCleanup)" [_thread_blocked, id=3552, stack(0x000000db8f500000,0x000000db8f600000)]
  0x000001dbe0b7f800 JavaThread "Cache worker for file content cache (C:\Users\Takudzwa\.gradle\caches\6.9\fileContent)" [_thread_blocked, id=13804, stack(0x000000db8f400000,0x000000db8f500000)]
  0x000001dbe0b81000 JavaThread "jar transforms" [_thread_blocked, id=14096, stack(0x000000db8f300000,0x000000db8f400000)]
  0x000001dbe0b7d800 JavaThread "Cache worker for execution history cache (C:\Users\Takudzwa\.gradle\caches\6.9\executionHistory)" [_thread_blocked, id=8332, stack(0x000000db8f200000,0x000000db8f300000)]
  0x000001dbe0b84000 JavaThread "Cache worker for cache directory md-rule (C:\Users\Takudzwa\.gradle\caches\6.9\md-rule)" [_thread_blocked, id=9996, stack(0x000000db8f100000,0x000000db8f200000)]
  0x000001dbe0b7e800 JavaThread "Cache worker for cache directory md-supplier (C:\Users\Takudzwa\.gradle\caches\6.9\md-supplier)" [_thread_blocked, id=10296, stack(0x000000db8f000000,0x000000db8f100000)]
  0x000001dbe0b82800 JavaThread "Cache worker for checksums cache (C:\Users\Takudzwa\Documents\Projects\Mobile_Project_Tests\voximplant\react-native-demo\VoximplantDemo\android\.gradle\checksums)" [_thread_blocked, id=12508, stack(0x000000db8ef00000,0x000000db8f000000)]
  0x000001dbe0b83000 JavaThread "Cache worker for file hash cache (C:\Users\Takudzwa\Documents\Projects\Mobile_Project_Tests\voximplant\react-native-demo\VoximplantDemo\android\.gradle\6.9\fileHashes)" [_thread_blocked, id=6376, stack(0x000000db8ee00000,0x000000db8ef00000)]
  0x000001dbe0b80000 JavaThread "Cache worker for journal cache (C:\Users\Takudzwa\.gradle\caches\journal-1)" [_thread_blocked, id=6272, stack(0x000000db8ed00000,0x000000db8ee00000)]
  0x000001dbe0b81800 JavaThread "File lock request listener" [_thread_in_native, id=15416, stack(0x000000db8ec00000,0x000000db8ed00000)]
  0x000001dbe0b85000 JavaThread "Cache worker for file hash cache (C:\Users\Takudzwa\.gradle\caches\6.9\fileHashes)" [_thread_blocked, id=19356, stack(0x000000db8eb00000,0x000000db8ec00000)]
  0x000001dbdfd04800 JavaThread "Daemon client event forwarder" [_thread_blocked, id=18076, stack(0x000000db8ea00000,0x000000db8eb00000)]
  0x000001dbdfd02000 JavaThread "Stdin handler" [_thread_blocked, id=19204, stack(0x000000db8e900000,0x000000db8ea00000)]
  0x000001dbdfd0d000 JavaThread "Asynchronous log dispatcher for DefaultDaemonConnection: socket connection from /127.0.0.1:50849 to /127.0.0.1:50850" [_thread_blocked, id=12380, stack(0x000000db8e800000,0x000000db8e900000)]
  0x000001dbdfd08800 JavaThread "Daemon worker" [_thread_in_native, id=6852, stack(0x000000db8e700000,0x000000db8e800000)]
  0x000001dbdfcfc800 JavaThread "Cancel handler" [_thread_blocked, id=15044, stack(0x000000db8e600000,0x000000db8e700000)]
  0x000001dbdfcb5800 JavaThread "Handler for socket connection from /127.0.0.1:50849 to /127.0.0.1:50850" [_thread_in_native, id=15584, stack(0x000000db8e500000,0x000000db8e600000)]
  0x000001dbdfc88000 JavaThread "Daemon" [_thread_blocked, id=15600, stack(0x000000db8e400000,0x000000db8e500000)]
  0x000001dbdfc71800 JavaThread "Daemon periodic checks" [_thread_blocked, id=14780, stack(0x000000db8e300000,0x000000db8e400000)]
  0x000001dbdfc3a000 JavaThread "Incoming local TCP Connector on port 50849" [_thread_in_native, id=15588, stack(0x000000db8e200000,0x000000db8e300000)]
  0x000001dbdfb9a800 JavaThread "Daemon health stats" [_thread_blocked, id=9060, stack(0x000000db8e100000,0x000000db8e200000)]
  0x000001dbdceba000 JavaThread "Service Thread" daemon [_thread_blocked, id=18720, stack(0x000000db8df00000,0x000000db8e000000)]
  0x000001dbdce58800 JavaThread "C1 CompilerThread3" daemon [_thread_blocked, id=19068, stack(0x000000db8de00000,0x000000db8df00000)]
  0x000001dbdce54800 JavaThread "C2 CompilerThread2" daemon [_thread_in_native, id=11120, stack(0x000000db8dd00000,0x000000db8de00000)]
=>0x000001dbdce51000 JavaThread "C2 CompilerThread1" daemon [_thread_in_native, id=8212, stack(0x000000db8dc00000,0x000000db8dd00000)]
  0x000001dbdce53000 JavaThread "C2 CompilerThread0" daemon [_thread_in_native, id=12464, stack(0x000000db8db00000,0x000000db8dc00000)]
  0x000001dbdce44800 JavaThread "Attach Listener" daemon [_thread_blocked, id=1708, stack(0x000000db8da00000,0x000000db8db00000)]
  0x000001dbdce3f800 JavaThread "Signal Dispatcher" daemon [_thread_blocked, id=16484, stack(0x000000db8d900000,0x000000db8da00000)]
  0x000001dbdce12000 JavaThread "Finalizer" daemon [_thread_blocked, id=900, stack(0x000000db8d800000,0x000000db8d900000)]
  0x000001dbdce0a000 JavaThread "Reference Handler" daemon [_thread_blocked, id=15088, stack(0x000000db8d700000,0x000000db8d800000)]
  0x000001dbc986a000 JavaThread "main" [_thread_blocked, id=13160, stack(0x000000db8cd00000,0x000000db8ce00000)]

Other Threads:
  0x000001dbdcde3800 VMThread [stack: 0x000000db8d600000,0x000000db8d700000] [id=2248]
  0x000001dbde210800 WatcherThread [stack: 0x000000db8e000000,0x000000db8e100000] [id=9660]

VM state:not at safepoint (normal execution)

VM Mutex/Monitor currently owned by a thread: None

heap address: 0x00000000e0000000, size: 512 MB, Compressed Oops mode: 32-bit
Narrow klass base: 0x0000000000000000, Narrow klass shift: 3
Compressed class space size: 1073741824 Address: 0x0000000100000000

Heap:
 PSYoungGen      total 162304K, used 127823K [0x00000000f5580000, 0x0000000100000000, 0x0000000100000000)
  eden space 150016K, 77% used [0x00000000f5580000,0x00000000fc655ba0,0x00000000fe800000)
  from space 12288K, 99% used [0x00000000fe800000,0x00000000ff3fe3f0,0x00000000ff400000)
  to   space 12288K, 0% used [0x00000000ff400000,0x00000000ff400000,0x0000000100000000)
 ParOldGen       total 175104K, used 24583K [0x00000000e0000000, 0x00000000eab00000, 0x00000000f5580000)
  object space 175104K, 14% used [0x00000000e0000000,0x00000000e1801d58,0x00000000eab00000)
 Metaspace       used 54465K, capacity 57212K, committed 57472K, reserved 1099776K
  class space    used 7474K, capacity 8054K, committed 8064K, reserved 1048576K

Card table byte_map: [0x000001dbda640000,0x000001dbda750000] byte_map_base: 0x000001dbd9f40000

Marking Bits: (ParMarkBitMap*) 0x0000000077f7c820
 Begin Bits: [0x000001dbda800000, 0x000001dbdb000000)
 End Bits:   [0x000001dbdb000000, 0x000001dbdb800000)

Polling page: 0x000001dbc9a60000

CodeCache: size=245760Kb used=17739Kb max_used=17739Kb free=228020Kb
 bounds [0x000001dbcb280000, 0x000001dbcc3f0000, 0x000001dbda280000]
 total_blobs=5892 nmethods=5109 adapters=695
 compilation: enabled

Compilation events (10 events):
Event: 46.372 Thread 0x000001dbdce58800 5514       3       com.sun.beans.finder.MethodFinder::findAccessibleMethod (206 bytes)
Event: 46.374 Thread 0x000001dbdce51000 nmethod 5502 0x000001dbcc3d48d0 code [0x000001dbcc3d4ae0, 0x000001dbcc3d54c0]
Event: 46.374 Thread 0x000001dbdce51000 5513 %     4       groovy.lang.MetaClassImpl::inheritInterfaceNewMetaMethods @ 104 (199 bytes)
Event: 46.375 Thread 0x000001dbdce58800 nmethod 5514 0x000001dbcc3dcf10 code [0x000001dbcc3dd300, 0x000001dbcc3df860]
Event: 46.375 Thread 0x000001dbdce58800 5515       3       groovyjarjarasm.asm.Frame::accept (264 bytes)
Event: 46.376 Thread 0x000001dbdce58800 nmethod 5515 0x000001dbcc3d6350 code [0x000001dbcc3d6540, 0x000001dbcc3d7080]
Event: 46.377 Thread 0x000001dbdce58800 5516       3       sun.misc.URLClassPath::findResource (47 bytes)
Event: 46.378 Thread 0x000001dbdce58800 nmethod 5516 0x000001dbcc3d2710 code [0x000001dbcc3d28a0, 0x000001dbcc3d2c70]
Event: 46.411 Thread 0x000001dbdce58800 5518       3       java.util.Optional::orElse (16 bytes)
Event: 46.411 Thread 0x000001dbdce58800 nmethod 5518 0x000001dbcc3d2390 code [0x000001dbcc3d24e0, 0x000001dbcc3d2698]

GC Heap History (10 events):
Event: 24.718 GC heap before
{Heap before GC invocations=7 (full 1):
 PSYoungGen      total 76288K, used 73508K [0x00000000f5580000, 0x00000000fd380000, 0x0000000100000000)
  eden space 65536K, 100% used [0x00000000f5580000,0x00000000f9580000,0x00000000f9580000)
  from space 10752K, 74% used [0x00000000f9580000,0x00000000f9d490b0,0x00000000fa000000)
  to   space 11776K, 0% used [0x00000000fc800000,0x00000000fc800000,0x00000000fd380000)
 ParOldGen       total 175104K, used 8563K [0x00000000e0000000, 0x00000000eab00000, 0x00000000f5580000)
  object space 175104K, 4% used [0x00000000e0000000,0x00000000e085cda8,0x00000000eab00000)
 Metaspace       used 32367K, capacity 33650K, committed 33920K, reserved 1079296K
  class space    used 4594K, capacity 4916K, committed 4992K, reserved 1048576K
Event: 24.730 GC heap after
Heap after GC invocations=7 (full 1):
 PSYoungGen      total 112128K, used 10682K [0x00000000f5580000, 0x00000000fd280000, 0x0000000100000000)
  eden space 101376K, 0% used [0x00000000f5580000,0x00000000f5580000,0x00000000fb880000)
  from space 10752K, 99% used [0x00000000fc800000,0x00000000fd26eb00,0x00000000fd280000)
  to   space 12288K, 0% used [0x00000000fba80000,0x00000000fba80000,0x00000000fc680000)
 ParOldGen       total 175104K, used 8571K [0x00000000e0000000, 0x00000000eab00000, 0x00000000f5580000)
  object space 175104K, 4% used [0x00000000e0000000,0x00000000e085eda8,0x00000000eab00000)
 Metaspace       used 32367K, capacity 33650K, committed 33920K, reserved 1079296K
  class space    used 4594K, capacity 4916K, committed 4992K, reserved 1048576K
}
Event: 24.963 GC heap before
{Heap before GC invocations=8 (full 1):
 PSYoungGen      total 112128K, used 31857K [0x00000000f5580000, 0x00000000fd280000, 0x0000000100000000)
  eden space 101376K, 20% used [0x00000000f5580000,0x00000000f6a2dc10,0x00000000fb880000)
  from space 10752K, 99% used [0x00000000fc800000,0x00000000fd26eb00,0x00000000fd280000)
  to   space 12288K, 0% used [0x00000000fba80000,0x00000000fba80000,0x00000000fc680000)
 ParOldGen       total 175104K, used 8571K [0x00000000e0000000, 0x00000000eab00000, 0x00000000f5580000)
  object space 175104K, 4% used [0x00000000e0000000,0x00000000e085eda8,0x00000000eab00000)
 Metaspace       used 34209K, capacity 35464K, committed 35496K, reserved 1079296K
  class space    used 4766K, capacity 5088K, committed 5120K, reserved 1048576K
Event: 24.975 GC heap after
Heap after GC invocations=8 (full 1):
 PSYoungGen      total 115712K, used 9602K [0x00000000f5580000, 0x0000000100000000, 0x0000000100000000)
  eden space 103424K, 0% used [0x00000000f5580000,0x00000000f5580000,0x00000000fba80000)
  from space 12288K, 78% used [0x00000000fba80000,0x00000000fc3e0a88,0x00000000fc680000)
  to   space 12288K, 0% used [0x00000000ff400000,0x00000000ff400000,0x0000000100000000)
 ParOldGen       total 175104K, used 8579K [0x00000000e0000000, 0x00000000eab00000, 0x00000000f5580000)
  object space 175104K, 4% used [0x00000000e0000000,0x00000000e0860da8,0x00000000eab00000)
 Metaspace       used 34209K, capacity 35464K, committed 35496K, reserved 1079296K
  class space    used 4766K, capacity 5088K, committed 5120K, reserved 1048576K
}
Event: 24.975 GC heap before
{Heap before GC invocations=9 (full 2):
 PSYoungGen      total 115712K, used 9602K [0x00000000f5580000, 0x0000000100000000, 0x0000000100000000)
  eden space 103424K, 0% used [0x00000000f5580000,0x00000000f5580000,0x00000000fba80000)
  from space 12288K, 78% used [0x00000000fba80000,0x00000000fc3e0a88,0x00000000fc680000)
  to   space 12288K, 0% used [0x00000000ff400000,0x00000000ff400000,0x0000000100000000)
 ParOldGen       total 175104K, used 8579K [0x00000000e0000000, 0x00000000eab00000, 0x00000000f5580000)
  object space 175104K, 4% used [0x00000000e0000000,0x00000000e0860da8,0x00000000eab00000)
 Metaspace       used 34209K, capacity 35464K, committed 35496K, reserved 1079296K
  class space    used 4766K, capacity 5088K, committed 5120K, reserved 1048576K
Event: 25.040 GC heap after
Heap after GC invocations=9 (full 2):
 PSYoungGen      total 115712K, used 0K [0x00000000f5580000, 0x0000000100000000, 0x0000000100000000)
  eden space 103424K, 0% used [0x00000000f5580000,0x00000000f5580000,0x00000000fba80000)
  from space 12288K, 0% used [0x00000000fba80000,0x00000000fba80000,0x00000000fc680000)
  to   space 12288K, 0% used [0x00000000ff400000,0x00000000ff400000,0x0000000100000000)
 ParOldGen       total 175104K, used 16389K [0x00000000e0000000, 0x00000000eab00000, 0x00000000f5580000)
  object space 175104K, 9% used [0x00000000e0000000,0x00000000e10017c0,0x00000000eab00000)
 Metaspace       used 34209K, capacity 35464K, committed 35496K, reserved 1079296K
  class space    used 4766K, capacity 5088K, committed 5120K, reserved 1048576K
}
Event: 27.321 GC heap before
{Heap before GC invocations=10 (full 2):
 PSYoungGen      total 115712K, used 103424K [0x00000000f5580000, 0x0000000100000000, 0x0000000100000000)
  eden space 103424K, 100% used [0x00000000f5580000,0x00000000fba80000,0x00000000fba80000)
  from space 12288K, 0% used [0x00000000fba80000,0x00000000fba80000,0x00000000fc680000)
  to   space 12288K, 0% used [0x00000000ff400000,0x00000000ff400000,0x0000000100000000)
 ParOldGen       total 175104K, used 16389K [0x00000000e0000000, 0x00000000eab00000, 0x00000000f5580000)
  object space 175104K, 9% used [0x00000000e0000000,0x00000000e10017c0,0x00000000eab00000)
 Metaspace       used 38264K, capacity 40076K, committed 40192K, reserved 1083392K
  class space    used 5364K, capacity 5774K, committed 5888K, reserved 1048576K
Event: 27.327 GC heap after
Heap after GC invocations=10 (full 2):
 PSYoungGen      total 162304K, used 7449K [0x00000000f5580000, 0x0000000100000000, 0x0000000100000000)
  eden space 150016K, 0% used [0x00000000f5580000,0x00000000f5580000,0x00000000fe800000)
  from space 12288K, 60% used [0x00000000ff400000,0x00000000ffb46670,0x0000000100000000)
  to   space 12288K, 0% used [0x00000000fe800000,0x00000000fe800000,0x00000000ff400000)
 ParOldGen       total 175104K, used 16397K [0x00000000e0000000, 0x00000000eab00000, 0x00000000f5580000)
  object space 175104K, 9% used [0x00000000e0000000,0x00000000e10037c0,0x00000000eab00000)
 Metaspace       used 38264K, capacity 40076K, committed 40192K, reserved 1083392K
  class space    used 5364K, capacity 5774K, committed 5888K, reserved 1048576K
}
Event: 32.614 GC heap before
{Heap before GC invocations=11 (full 2):
 PSYoungGen      total 162304K, used 157465K [0x00000000f5580000, 0x0000000100000000, 0x0000000100000000)
  eden space 150016K, 100% used [0x00000000f5580000,0x00000000fe800000,0x00000000fe800000)
  from space 12288K, 60% used [0x00000000ff400000,0x00000000ffb46670,0x0000000100000000)
  to   space 12288K, 0% used [0x00000000fe800000,0x00000000fe800000,0x00000000ff400000)
 ParOldGen       total 175104K, used 16397K [0x00000000e0000000, 0x00000000eab00000, 0x00000000f5580000)
  object space 175104K, 9% used [0x00000000e0000000,0x00000000e10037c0,0x00000000eab00000)
 Metaspace       used 50371K, capacity 52856K, committed 53120K, reserved 1095680K
  class space    used 6907K, capacity 7438K, committed 7552K, reserved 1048576K
Event: 32.640 GC heap after
Heap after GC invocations=11 (full 2):
 PSYoungGen      total 162304K, used 12280K [0x00000000f5580000, 0x0000000100000000, 0x0000000100000000)
  eden space 150016K, 0% used [0x00000000f5580000,0x00000000f5580000,0x00000000fe800000)
  from space 12288K, 99% used [0x00000000fe800000,0x00000000ff3fe3f0,0x00000000ff400000)
  to   space 12288K, 0% used [0x00000000ff400000,0x00000000ff400000,0x0000000100000000)
 ParOldGen       total 175104K, used 24583K [0x00000000e0000000, 0x00000000eab00000, 0x00000000f5580000)
  object space 175104K, 14% used [0x00000000e0000000,0x00000000e1801d58,0x00000000eab00000)
 Metaspace       used 50371K, capacity 52856K, committed 53120K, reserved 1095680K
  class space    used 6907K, capacity 7438K, committed 7552K, reserved 1048576K
}

Deoptimization events (10 events):
Event: 33.454 Thread 0x000001dbdfd08800 Uncommon trap: reason=unstable_if action=reinterpret pc=0x000001dbcb8363d0 method=java.util.HashMap.getNode(ILjava/lang/Object;)Ljava/util/HashMap$Node; @ 84
Event: 33.454 Thread 0x000001dbdfd08800 Uncommon trap: reason=unstable_if action=reinterpret pc=0x000001dbcb5c5b08 method=java.util.HashMap.resize()[Ljava/util/HashMap$Node; @ 206
Event: 46.335 Thread 0x000001dbdfd08800 Uncommon trap: reason=bimorphic action=maybe_recompile pc=0x000001dbcc2fc5dc method=java.util.Arrays.binarySearch0([Ljava/lang/Object;IILjava/lang/Object;Ljava/util/Comparator;)I @ 48
Event: 46.335 Thread 0x000001dbdfd08800 Uncommon trap: reason=bimorphic action=maybe_recompile pc=0x000001dbcc2fc5dc method=java.util.Arrays.binarySearch0([Ljava/lang/Object;IILjava/lang/Object;Ljava/util/Comparator;)I @ 48
Event: 46.335 Thread 0x000001dbdfd08800 Uncommon trap: reason=bimorphic action=maybe_recompile pc=0x000001dbcc2fc5dc method=java.util.Arrays.binarySearch0([Ljava/lang/Object;IILjava/lang/Object;Ljava/util/Comparator;)I @ 48
Event: 46.335 Thread 0x000001dbdfd08800 Uncommon trap: reason=bimorphic action=maybe_recompile pc=0x000001dbcc2fc5dc method=java.util.Arrays.binarySearch0([Ljava/lang/Object;IILjava/lang/Object;Ljava/util/Comparator;)I @ 48
Event: 46.360 Thread 0x000001dbdfd08800 Uncommon trap: reason=class_check action=maybe_recompile pc=0x000001dbcb9ff1b4 method=java.util.WeakHashMap.eq(Ljava/lang/Object;Ljava/lang/Object;)Z @ 7
Event: 46.364 Thread 0x000001dbdfd08800 Uncommon trap: reason=bimorphic action=maybe_recompile pc=0x000001dbcc3ce080 method=groovy.lang.MetaClassImpl.filterPropertyMethod(Ljava/lang/Object;ZZ)Ljava/lang/Object; @ 165
Event: 46.372 Thread 0x000001dbdfd08800 Uncommon trap: reason=unstable_if action=reinterpret pc=0x000001dbcc389bf0 method=java.lang.reflect.Executable.printModifiersIfNonzero(Ljava/lang/StringBuilder;IZ)V @ 14
Event: 46.373 Thread 0x000001dbdfd08800 Uncommon trap: reason=class_check action=maybe_recompile pc=0x000001dbcb9ff1b4 method=java.util.WeakHashMap.eq(Ljava/lang/Object;Ljava/lang/Object;)Z @ 7

Classes redefined (0 events):
No events

Internal exceptions (10 events):
Event: 46.363 Thread 0x000001dbdfd08800 Exception <a 'java/lang/ClassNotFoundException': [Lcom/google/gms/googleservices/GoogleServicesPlugin$PluginType;BeanInfo> (0x00000000fbae5ad8) thrown at [J:\jenkins\tmp\workspace\build\src\hotspot\src\share\vm\prims\jni.cpp, line 738]
Event: 46.363 Thread 0x000001dbdfd08800 Exception <a 'java/lang/ClassNotFoundException': [Lcom/google/gms/googleservices/GoogleServicesPlugin$PluginType;BeanInfo> (0x00000000fbae6910) thrown at [J:\jenkins\tmp\workspace\build\src\hotspot\src\share\vm\prims\jni.cpp, line 738]
Event: 46.363 Thread 0x000001dbdfd08800 Exception <a 'java/lang/ClassNotFoundException': [Lcom/google/gms/googleservices/GoogleServicesPlugin$PluginType;BeanInfo> (0x00000000fbae7748) thrown at [J:\jenkins\tmp\workspace\build\src\hotspot\src\share\vm\prims\jni.cpp, line 738]
Event: 46.364 Thread 0x000001dbdfd08800 Exception <a 'java/lang/ClassNotFoundException': [Lcom/google/gms/googleservices/GoogleServicesPlugin$PluginType;Customizer> (0x00000000fbae8930) thrown at [J:\jenkins\tmp\workspace\build\src\hotspot\src\share\vm\prims\jni.cpp, line 738]
Event: 46.364 Thread 0x000001dbdfd08800 Exception <a 'java/lang/ClassNotFoundException': [Lcom/google/gms/googleservices/GoogleServicesPlugin$PluginType;Customizer> (0x00000000fbae9770) thrown at [J:\jenkins\tmp\workspace\build\src\hotspot\src\share\vm\prims\jni.cpp, line 738]
Event: 46.364 Thread 0x000001dbdfd08800 Exception <a 'java/lang/ClassNotFoundException': [Lcom/google/gms/googleservices/GoogleServicesPlugin$PluginType;Customizer> (0x00000000fbaea5b0) thrown at [J:\jenkins\tmp\workspace\build\src\hotspot\src\share\vm\prims\jni.cpp, line 738]
Event: 46.370 Thread 0x000001dbdfd08800 Exception <a 'java/lang/ClassNotFoundException': org/gradle/api/internal/plugins/DefaultPluginContainerBeanInfo> (0x00000000fbc73ff0) thrown at [J:\jenkins\tmp\workspace\build\src\hotspot\src\share\vm\classfile\systemDictionary.cpp, line 217]
Event: 46.371 Thread 0x000001dbdfd08800 Exception <a 'java/lang/ClassNotFoundException': org/gradle/api/internal/plugins/DefaultPluginCollectionBeanInfo> (0x00000000fbcb77b0) thrown at [J:\jenkins\tmp\workspace\build\src\hotspot\src\share\vm\classfile\systemDictionary.cpp, line 217]
Event: 46.372 Thread 0x000001dbdfd08800 Exception <a 'java/lang/ClassNotFoundException': org/gradle/api/internal/plugins/DefaultPluginCollectionCustomizer> (0x00000000fbcfbe50) thrown at [J:\jenkins\tmp\workspace\build\src\hotspot\src\share\vm\classfile\systemDictionary.cpp, line 217]
Event: 46.374 Thread 0x000001dbdfd08800 Exception <a 'java/lang/ClassNotFoundException': org/gradle/api/internal/plugins/DefaultPluginContainerCustomizer> (0x00000000fbd73a58) thrown at [J:\jenkins\tmp\workspace\build\src\hotspot\src\share\vm\classfile\systemDictionary.cpp, line 217]

Events (10 events):
Event: 46.435 loading class kotlin/sequences/Sequence
Event: 46.435 loading class kotlin/sequences/Sequence done
Event: 46.436 loading class com/android/build/gradle/internal/core/VariantDslInfoImpl$initApplicationId$appIdFromFlavors$1
Event: 46.436 loading class com/android/build/gradle/internal/core/VariantDslInfoImpl$initApplicationId$appIdFromFlavors$1 done
Event: 46.436 loading class kotlin/sequences/SequencesKt
Event: 46.436 loading class kotlin/sequences/SequencesKt done
Event: 46.436 loading class kotlin/sequences/SequencesKt
Event: 46.436 loading class kotlin/sequences/SequencesKt done
Event: 46.437 loading class kotlin/sequences/SequencesKt___SequencesKt
Event: 46.437 loading class kotlin/sequences/SequencesKt___SequencesKt done


Dynamic libraries:
0x00007ff777190000 - 0x00007ff7771ca000 	C:\Program Files\Eclipse Foundation\jdk-8.0.302.8-hotspot\bin\java.exe
0x00007ffdcf850000 - 0x00007ffdcfa45000 	C:\WINDOWS\SYSTEM32\ntdll.dll
0x00007ffdcdff0000 - 0x00007ffdce0ae000 	C:\WINDOWS\System32\KERNEL32.DLL
0x00007ffdccf60000 - 0x00007ffdcd228000 	C:\WINDOWS\System32\KERNELBASE.dll
0x00007ffdcef70000 - 0x00007ffdcf01e000 	C:\WINDOWS\System32\ADVAPI32.dll
0x00007ffdcf020000 - 0x00007ffdcf0be000 	C:\WINDOWS\System32\msvcrt.dll
0x00007ffdceb10000 - 0x00007ffdcebac000 	C:\WINDOWS\System32\sechost.dll
0x00007ffdcdc30000 - 0x00007ffdcdd55000 	C:\WINDOWS\System32\RPCRT4.dll
0x00007ffdce0b0000 - 0x00007ffdce250000 	C:\WINDOWS\System32\USER32.dll
0x00007ffdcd820000 - 0x00007ffdcd842000 	C:\WINDOWS\System32\win32u.dll
0x00007ffdce2e0000 - 0x00007ffdce30b000 	C:\WINDOWS\System32\GDI32.dll
0x00007ffdcd230000 - 0x00007ffdcd33d000 	C:\WINDOWS\System32\gdi32full.dll
0x00007ffdcd340000 - 0x00007ffdcd3dd000 	C:\WINDOWS\System32\msvcp_win.dll
0x00007ffdcd3e0000 - 0x00007ffdcd4e0000 	C:\WINDOWS\System32\ucrtbase.dll
0x00007ffdb46f0000 - 0x00007ffdb498a000 	C:\WINDOWS\WinSxS\amd64_microsoft.windows.common-controls_6595b64144ccf1df_6.0.19041.1110_none_60b5254171f9507e\COMCTL32.dll
0x00007ffdcdfb0000 - 0x00007ffdcdfe0000 	C:\WINDOWS\System32\IMM32.DLL
0x00007ffd8cd90000 - 0x00007ffd8ce7f000 	C:\Program Files\Eclipse Foundation\jdk-8.0.302.8-hotspot\jre\bin\msvcr120.dll
0x00007ffd840c0000 - 0x00007ffd84166000 	C:\Program Files\Eclipse Foundation\jdk-8.0.302.8-hotspot\jre\bin\msvcp120.dll
0x0000000077790000 - 0x0000000077ffb000 	C:\Program Files\Eclipse Foundation\jdk-8.0.302.8-hotspot\jre\bin\server\jvm.dll
0x00007ffdcf710000 - 0x00007ffdcf718000 	C:\WINDOWS\System32\PSAPI.DLL
0x00007ffdc2fe0000 - 0x00007ffdc2fea000 	C:\WINDOWS\SYSTEM32\VERSION.dll
0x00007ffdb73a0000 - 0x00007ffdb73a9000 	C:\WINDOWS\SYSTEM32\WSOCK32.dll
0x00007ffdc05f0000 - 0x00007ffdc0617000 	C:\WINDOWS\SYSTEM32\WINMM.dll
0x00007ffdcddc0000 - 0x00007ffdcde2b000 	C:\WINDOWS\System32\WS2_32.dll
0x00007ffdc9690000 - 0x00007ffdc969f000 	C:\Program Files\Eclipse Foundation\jdk-8.0.302.8-hotspot\jre\bin\verify.dll
0x00007ffdc73e0000 - 0x00007ffdc7409000 	C:\Program Files\Eclipse Foundation\jdk-8.0.302.8-hotspot\jre\bin\java.dll
0x00007ffdc7c50000 - 0x00007ffdc7c66000 	C:\Program Files\Eclipse Foundation\jdk-8.0.302.8-hotspot\jre\bin\zip.dll
0x00007ffdce310000 - 0x00007ffdcea54000 	C:\WINDOWS\System32\SHELL32.dll
0x00007ffdcade0000 - 0x00007ffdcb574000 	C:\WINDOWS\SYSTEM32\windows.storage.dll
0x00007ffdcebb0000 - 0x00007ffdcef05000 	C:\WINDOWS\System32\combase.dll
0x00007ffdcc800000 - 0x00007ffdcc82e000 	C:\WINDOWS\SYSTEM32\Wldp.dll
0x00007ffdcd8a0000 - 0x00007ffdcd94d000 	C:\WINDOWS\System32\SHCORE.dll
0x00007ffdcdd60000 - 0x00007ffdcddb5000 	C:\WINDOWS\System32\shlwapi.dll
0x00007ffdccea0000 - 0x00007ffdccebf000 	C:\WINDOWS\SYSTEM32\profapi.dll
0x00007ffdc73c0000 - 0x00007ffdc73da000 	C:\Program Files\Eclipse Foundation\jdk-8.0.302.8-hotspot\jre\bin\net.dll
0x00007ffdcc5e0000 - 0x00007ffdcc64a000 	C:\WINDOWS\system32\mswsock.dll
0x00007ffdc7080000 - 0x00007ffdc7092000 	C:\Program Files\Eclipse Foundation\jdk-8.0.302.8-hotspot\jre\bin\nio.dll
0x00007ffdb6e40000 - 0x00007ffdb6e67000 	C:\Users\Takudzwa\.gradle\native\49d0259a56938c7f99b2704e745ce422c4f750a7a20b539a32ccef96729676b1\windows-amd64\native-platform.dll
0x00007ffd82590000 - 0x00007ffd82726000 	C:\Users\Takudzwa\.gradle\native\12488b8bf47d2d4c9fbf2f6322a914ad602e24e48041cd04a747c6da556b65c4\windows-amd64\native-platform-file-events.dll
0x00007ffdc73b0000 - 0x00007ffdc73bd000 	C:\Program Files\Eclipse Foundation\jdk-8.0.302.8-hotspot\jre\bin\management.dll
0x00007ffdcc840000 - 0x00007ffdcc858000 	C:\WINDOWS\SYSTEM32\CRYPTSP.dll
0x00007ffdcbf80000 - 0x00007ffdcbfb4000 	C:\WINDOWS\system32\rsaenh.dll
0x00007ffdcd6b0000 - 0x00007ffdcd6d7000 	C:\WINDOWS\System32\bcrypt.dll
0x00007ffdcce60000 - 0x00007ffdcce8e000 	C:\WINDOWS\SYSTEM32\USERENV.dll
0x00007ffdcd6e0000 - 0x00007ffdcd762000 	C:\WINDOWS\System32\bcryptprimitives.dll
0x00007ffdcc770000 - 0x00007ffdcc77c000 	C:\WINDOWS\SYSTEM32\CRYPTBASE.dll
0x00007ffdcc2f0000 - 0x00007ffdcc32b000 	C:\WINDOWS\SYSTEM32\IPHLPAPI.DLL
0x00007ffdcdfe0000 - 0x00007ffdcdfe8000 	C:\WINDOWS\System32\NSI.dll
0x00007ffdc51e0000 - 0x00007ffdc51f7000 	C:\WINDOWS\SYSTEM32\dhcpcsvc6.DLL
0x00007ffdc51c0000 - 0x00007ffdc51dd000 	C:\WINDOWS\SYSTEM32\dhcpcsvc.DLL
0x00007ffdcc340000 - 0x00007ffdcc40b000 	C:\WINDOWS\SYSTEM32\DNSAPI.dll
0x00007ffdcb580000 - 0x00007ffdcb764000 	C:\WINDOWS\SYSTEM32\dbghelp.dll

VM Arguments:
jvm_args: -XX:MaxMetaspaceSize=256m -XX:+HeapDumpOnOutOfMemoryError -Xms256m -Xmx512m -Dfile.encoding=windows-1252 -Duser.country=ZA -Duser.language=en -Duser.variant 
java_command: org.gradle.launcher.daemon.bootstrap.GradleDaemon 6.9
java_class_path (initial): C:\Users\Takudzwa\.gradle\wrapper\dists\gradle-6.9-all\dooywd8nv05k16orzxge2b1bs\gradle-6.9\lib\gradle-launcher-6.9.jar
Launcher Type: SUN_STANDARD

Environment Variables:
CLASSPATH=C:\Users\Takudzwa\Documents\Projects\Mobile_Project_Tests\voximplant\react-native-demo\VoximplantDemo\android\\gradle\wrapper\gradle-wrapper.jar
USERNAME=Takudzwa
OS=Windows_NT
PROCESSOR_IDENTIFIER=AMD64 Family 23 Model 17 Stepping 0, AuthenticAMD



---------------  S Y S T E M  ---------------

OS: Windows 10.0 , 64 bit Build 19041 (10.0.19041.1503)

CPU:total 8 (initial active 8) (8 cores per cpu, 1 threads per core) family 23 model 17 stepping 0, cmov, cx8, fxsr, mmx, sse, sse2, sse3, ssse3, sse4.1, sse4.2, popcnt, avx, avx2, aes, clmul, mmxext, 3dnowpref, lzcnt, sse4a, tsc, tscinvbit, tscinv, bmi1

Memory: 4k page, physical 7920208k(793800k free), swap 15840416k(6235692k free)

vm_info: OpenJDK 64-Bit Server VM (25.302-b08) for windows-amd64 JRE (1.8.0_302-b08), built on Jul 20 2021 21:31:03 by "jenkins" with MS VC++ 12.0 (VS2013)

time: Wed Mar 09 22:16:12 2022
timezone: South Africa Standard Time
elapsed time: 46.622133 seconds (0d 0h 0m 46s)

