#
# A fatal error has been detected by the Java Runtime Environment:
#
#  EXCEPTION_ACCESS_VIOLATION (0xc0000005) at pc=0x000000005ec36224, pid=23892, tid=0x000000000000220c
#
# JRE version: OpenJDK Runtime Environment (8.0_302-b08) (build 1.8.0_302-b08)
# Java VM: OpenJDK 64-Bit Server VM (25.302-b08 mixed mode windows-amd64 compressed oops)
# Problematic frame:
# V  [jvm.dll+0x406224]
#
# Failed to write core dump. Minidumps are not enabled by default on client versions of Windows
#
# If you would like to submit a bug report, please visit:
#   https://github.com/adoptium/adoptium-support/issues
#

---------------  T H R E A D  ---------------

Current thread (0x000001b735f61800):  JavaThread "C1 CompilerThread3" daemon [_thread_in_native, id=8716, stack(0x000000b370b00000,0x000000b370c00000)]

siginfo: ExceptionCode=0xc0000005, reading address 0x000001b63b8d7bb4

Registers:
RAX=0xfffffffffffffffe, RBX=0x000001b73c8d66b0, RCX=0x00000000fffffffe, RDX=0x000000007fffffff
RSP=0x000000b370bfdff0, RBP=0x000001b73fdf6e20, RSI=0x000001b73fe06bb0, RDI=0x000001b63b8d7950
R8 =0x00000000000007f6, R9 =0x000001b739bb9ed0, R10=0x00000000000008a4, R11=0x0000000000002288
R12=0x0000000000000000, R13=0x000000007fffff00, R14=0x00000000000008a4, R15=0x000001b739bb9fc0
RIP=0x000000005ec36224, EFLAGS=0x0000000000010202

Top of Stack: (sp=0x000000b370bfdff0)
0x000000b370bfdff0:   000001b739bb9ed0 000000005ec39f32
0x000000b370bfe000:   00000000000007d2 000000b370bfe180
0x000000b370bfe010:   00000000ffffffff 0000000000000000
0x000000b370bfe020:   0000000000000001 00000000000007d1
0x000000b370bfe030:   000000b370bfe180 000000005ec39ef2
0x000000b370bfe040:   000000b370bfe180 000001b739bb9ed0
0x000000b370bfe050:   000001b739bb9ed0 000000007fffffff
0x000000b370bfe060:   00000000ffffffff 000000005ec31975
0x000000b370bfe070:   000000b370bfe180 000000b370bfe101
0x000000b370bfe080:   000000b370bfe180 000000b370bfe180
0x000000b370bfe090:   000000000000000c 000000005ec36750
0x000000b370bfe0a0:   000000b370bfe180 0000000000000002
0x000000b370bfe0b0:   000000007fffffff 000001b735f64801
0x000000b370bfe0c0:   000000b370bfe101 000000005ec30906
0x000000b370bfe0d0:   000001b739bb9e00 000000b370bfe180
0x000000b370bfe0e0:   000001b739bb9ed0 000001b73bdc6880 

Instructions: (pc=0x000000005ec36224)
0x000000005ec36204:   49 8b d2 48 d1 fa 48 39 0c d3 0f 85 1f ff ff ff
0x000000005ec36214:   41 8b c2 eb 6a 48 63 c9 8b 14 8a e9 5b ff ff ff
0x000000005ec36224:   8b 8f 64 02 00 00 8b 47 74 83 c1 02 41 3b ca 7e
0x000000005ec36234:   06 8b 8f 60 02 00 00 4c 63 4e 74 44 8b 57 7c ff 


Register to memory mapping:

RAX=0xfffffffffffffffe is an unknown value
RBX=0x000001b73c8d66b0 is an unknown value
RCX=0x00000000fffffffe is an unknown value
RDX=0x000000007fffffff is an unknown value
RSP=0x000000b370bfdff0 is pointing into the stack for thread: 0x000001b735f61800
RBP=0x000001b73fdf6e20 is an unknown value
RSI=0x000001b73fe06bb0 is an unknown value
RDI=0x000001b63b8d7950 is an unknown value
R8 =0x00000000000007f6 is an unknown value
R9 =0x000001b739bb9ed0 is an unknown value
R10=0x00000000000008a4 is an unknown value
R11=0x0000000000002288 is an unknown value
R12=0x0000000000000000 is an unknown value
R13=0x000000007fffff00 is an unknown value
R14=0x00000000000008a4 is an unknown value
R15=0x000001b739bb9fc0 is an unknown value


Stack: [0x000000b370b00000,0x000000b370c00000],  sp=0x000000b370bfdff0,  free space=1015k
Native frames: (J=compiled Java code, j=interpreted, Vv=VM code, C=native code)
V  [jvm.dll+0x406224]
V  [jvm.dll+0x409f32]
V  [jvm.dll+0x409ef2]
V  [jvm.dll+0x401975]
V  [jvm.dll+0x400906]
V  [jvm.dll+0x40aeba]
V  [jvm.dll+0x401b5c]
V  [jvm.dll+0x405952]
V  [jvm.dll+0x3e86c9]
V  [jvm.dll+0x3e8230]
V  [jvm.dll+0x3e8362]
V  [jvm.dll+0x3e7a81]
V  [jvm.dll+0x3e91df]
V  [jvm.dll+0x83e61]
V  [jvm.dll+0x8290f]
V  [jvm.dll+0x215a4f]
V  [jvm.dll+0x26706a]
C  [msvcr120.dll+0x24f7f]
C  [msvcr120.dll+0x25126]
C  [KERNEL32.DLL+0x17034]
C  [ntdll.dll+0x526a1]


Current CompileTask:
C1:  99601 9751       3       org.gradle.internal.component.external.model.maven.DefaultMavenModuleResolveMetadata::filterDependencies (224 bytes)


---------------  P R O C E S S  ---------------

Java Threads: ( => current thread )
  0x000001b73efed800 JavaThread "jar transforms Thread 119" [_thread_blocked, id=3816, stack(0x000000b37a000000,0x000000b37a100000)]
  0x000001b73efe5800 JavaThread "jar transforms Thread 118" [_thread_blocked, id=7612, stack(0x000000b379f00000,0x000000b37a000000)]
  0x000001b73efec800 JavaThread "jar transforms Thread 117" [_thread_blocked, id=9192, stack(0x000000b379e00000,0x000000b379f00000)]
  0x000001b73efe4800 JavaThread "jar transforms Thread 116" [_thread_blocked, id=8228, stack(0x000000b379d00000,0x000000b379e00000)]
  0x000001b73efeb800 JavaThread "jar transforms Thread 115" [_thread_blocked, id=3108, stack(0x000000b379c00000,0x000000b379d00000)]
  0x000001b73efe4000 JavaThread "jar transforms Thread 114" [_thread_blocked, id=4024, stack(0x000000b379b00000,0x000000b379c00000)]
  0x000001b73efeb000 JavaThread "jar transforms Thread 113" [_thread_blocked, id=580, stack(0x000000b379a00000,0x000000b379b00000)]
  0x000001b73efea000 JavaThread "jar transforms Thread 112" [_thread_blocked, id=8, stack(0x000000b379900000,0x000000b379a00000)]
  0x000001b73efe8800 JavaThread "jar transforms Thread 111" [_thread_blocked, id=4168, stack(0x000000b379800000,0x000000b379900000)]
  0x000001b73efe9800 JavaThread "jar transforms Thread 110" [_thread_blocked, id=20036, stack(0x000000b379700000,0x000000b379800000)]
  0x000001b73efe0800 JavaThread "jar transforms Thread 109" [_thread_blocked, id=3588, stack(0x000000b379600000,0x000000b379700000)]
  0x000001b73efe8000 JavaThread "jar transforms Thread 108" [_thread_blocked, id=9916, stack(0x000000b379500000,0x000000b379600000)]
  0x000001b73efe3000 JavaThread "jar transforms Thread 107" [_thread_blocked, id=9328, stack(0x000000b379400000,0x000000b379500000)]
  0x000001b73efe2800 JavaThread "jar transforms Thread 106" [_thread_blocked, id=4056, stack(0x000000b379300000,0x000000b379400000)]
  0x000001b73efe7000 JavaThread "jar transforms Thread 105" [_thread_blocked, id=5772, stack(0x000000b379200000,0x000000b379300000)]
  0x000001b73efe6000 JavaThread "jar transforms Thread 104" [_thread_blocked, id=9228, stack(0x000000b379100000,0x000000b379200000)]
  0x000001b73efe1800 JavaThread "jar transforms Thread 103" [_thread_blocked, id=2636, stack(0x000000b379000000,0x000000b379100000)]
  0x000001b73998b800 JavaThread "jar transforms Thread 102" [_thread_blocked, id=10008, stack(0x000000b36f900000,0x000000b36fa00000)]
  0x000001b739989000 JavaThread "jar transforms Thread 101" [_thread_blocked, id=2936, stack(0x000000b36f800000,0x000000b36f900000)]
  0x000001b739988800 JavaThread "jar transforms Thread 100" [_thread_blocked, id=8732, stack(0x000000b36f700000,0x000000b36f800000)]
  0x000001b73998d000 JavaThread "Memory manager" [_thread_blocked, id=21892, stack(0x000000b378f00000,0x000000b379000000)]
  0x000001b739983000 JavaThread "jar transforms Thread 99" [_thread_blocked, id=1676, stack(0x000000b378e00000,0x000000b378f00000)]
  0x000001b73997f800 JavaThread "jar transforms Thread 98" [_thread_blocked, id=10356, stack(0x000000b378d00000,0x000000b378e00000)]
  0x000001b739983800 JavaThread "jar transforms Thread 97" [_thread_blocked, id=624, stack(0x000000b378c00000,0x000000b378d00000)]
  0x000001b739986000 JavaThread "jar transforms Thread 96" [_thread_blocked, id=17524, stack(0x000000b378b00000,0x000000b378c00000)]
  0x000001b739982000 JavaThread "jar transforms Thread 95" [_thread_blocked, id=19328, stack(0x000000b378a00000,0x000000b378b00000)]
  0x000001b739981000 JavaThread "jar transforms Thread 94" [_thread_blocked, id=696, stack(0x000000b378900000,0x000000b378a00000)]
  0x000001b739984800 JavaThread "jar transforms Thread 93" [_thread_blocked, id=5576, stack(0x000000b378800000,0x000000b378900000)]
  0x000001b739980800 JavaThread "jar transforms Thread 92" [_thread_blocked, id=1624, stack(0x000000b378700000,0x000000b378800000)]
  0x000001b739985000 JavaThread "jar transforms Thread 91" [_thread_blocked, id=11152, stack(0x000000b378600000,0x000000b378700000)]
  0x000001b73bd93000 JavaThread "jar transforms Thread 90" [_thread_blocked, id=15932, stack(0x000000b378500000,0x000000b378600000)]
  0x000001b73bd92000 JavaThread "jar transforms Thread 89" [_thread_blocked, id=11496, stack(0x000000b378400000,0x000000b378500000)]
  0x000001b73bd91800 JavaThread "jar transforms Thread 88" [_thread_blocked, id=4408, stack(0x000000b378300000,0x000000b378400000)]
  0x000001b73bd90800 JavaThread "jar transforms Thread 87" [_thread_blocked, id=8756, stack(0x000000b378200000,0x000000b378300000)]
  0x000001b73bd93800 JavaThread "jar transforms Thread 86" [_thread_blocked, id=6560, stack(0x000000b378100000,0x000000b378200000)]
  0x000001b73bd8f800 JavaThread "jar transforms Thread 85" [_thread_blocked, id=684, stack(0x000000b378000000,0x000000b378100000)]
  0x000001b73bd88000 JavaThread "jar transforms Thread 84" [_thread_blocked, id=14632, stack(0x000000b377f00000,0x000000b378000000)]
  0x000001b73bd8f000 JavaThread "jar transforms Thread 83" [_thread_blocked, id=8848, stack(0x000000b377e00000,0x000000b377f00000)]
  0x000001b73bd87000 JavaThread "jar transforms Thread 82" [_thread_blocked, id=6552, stack(0x000000b377d00000,0x000000b377e00000)]
  0x000001b73bd8e000 JavaThread "jar transforms Thread 81" [_thread_blocked, id=9588, stack(0x000000b377c00000,0x000000b377d00000)]
  0x000001b73bd8d800 JavaThread "jar transforms Thread 80" [_thread_blocked, id=1904, stack(0x000000b377b00000,0x000000b377c00000)]
  0x000001b73bd8c800 JavaThread "jar transforms Thread 79" [_thread_blocked, id=17968, stack(0x000000b377a00000,0x000000b377b00000)]
  0x000001b73bd84800 JavaThread "jar transforms Thread 78" [_thread_blocked, id=23180, stack(0x000000b377900000,0x000000b377a00000)]
  0x000001b73bd8a000 JavaThread "jar transforms Thread 77" [_thread_blocked, id=24372, stack(0x000000b377800000,0x000000b377900000)]
  0x000001b73bd85800 JavaThread "jar transforms Thread 76" [_thread_blocked, id=16844, stack(0x000000b377700000,0x000000b377800000)]
  0x000001b73bd8c000 JavaThread "jar transforms Thread 75" [_thread_blocked, id=24536, stack(0x000000b377600000,0x000000b377700000)]
  0x000001b73bd8b000 JavaThread "jar transforms Thread 74" [_thread_blocked, id=11640, stack(0x000000b377500000,0x000000b377600000)]
  0x000001b73bd88800 JavaThread "jar transforms Thread 73" [_thread_blocked, id=11412, stack(0x000000b377400000,0x000000b377500000)]
  0x000001b73bd86800 JavaThread "jar transforms Thread 72" [_thread_blocked, id=12636, stack(0x000000b377300000,0x000000b377400000)]
  0x000001b73bd89800 JavaThread "jar transforms Thread 71" [_thread_blocked, id=11488, stack(0x000000b377200000,0x000000b377300000)]
  0x000001b73c096000 JavaThread "jar transforms Thread 70" [_thread_blocked, id=11492, stack(0x000000b377100000,0x000000b377200000)]
  0x000001b73c095800 JavaThread "jar transforms Thread 69" [_thread_blocked, id=11672, stack(0x000000b377000000,0x000000b377100000)]
  0x000001b73c094800 JavaThread "jar transforms Thread 68" [_thread_blocked, id=3756, stack(0x000000b376f00000,0x000000b377000000)]
  0x000001b73c094000 JavaThread "jar transforms Thread 67" [_thread_blocked, id=11480, stack(0x000000b376e00000,0x000000b376f00000)]
  0x000001b73c092000 JavaThread "jar transforms Thread 66" [_thread_blocked, id=11184, stack(0x000000b376d00000,0x000000b376e00000)]
  0x000001b73c097800 JavaThread "jar transforms Thread 65" [_thread_blocked, id=704, stack(0x000000b376c00000,0x000000b376d00000)]
  0x000001b73c093000 JavaThread "jar transforms Thread 64" [_thread_blocked, id=10976, stack(0x000000b376b00000,0x000000b376c00000)]
  0x000001b73c097000 JavaThread "jar transforms Thread 63" [_thread_blocked, id=10672, stack(0x000000b376a00000,0x000000b376b00000)]
  0x000001b73c08a800 JavaThread "jar transforms Thread 62" [_thread_blocked, id=1016, stack(0x000000b376900000,0x000000b376a00000)]
  0x000001b73c091800 JavaThread "jar transforms Thread 61" [_thread_blocked, id=21156, stack(0x000000b376800000,0x000000b376900000)]
  0x000001b73c08f000 JavaThread "jar transforms Thread 60" [_thread_blocked, id=24052, stack(0x000000b376700000,0x000000b376800000)]
  0x000001b73c08d800 JavaThread "jar transforms Thread 59" [_thread_blocked, id=692, stack(0x000000b376600000,0x000000b376700000)]
  0x000001b73c08b000 JavaThread "jar transforms Thread 58" [_thread_blocked, id=8204, stack(0x000000b376500000,0x000000b376600000)]
  0x000001b73c08c800 JavaThread "jar transforms Thread 57" [_thread_blocked, id=3532, stack(0x000000b376400000,0x000000b376500000)]
  0x000001b73c089800 JavaThread "jar transforms Thread 56" [_thread_blocked, id=3284, stack(0x000000b376300000,0x000000b376400000)]
  0x000001b73c090800 JavaThread "jar transforms Thread 55" [_thread_blocked, id=2456, stack(0x000000b376200000,0x000000b376300000)]
  0x000001b73c08e800 JavaThread "jar transforms Thread 54" [_thread_blocked, id=2268, stack(0x000000b376100000,0x000000b376200000)]
  0x000001b73c089000 JavaThread "jar transforms Thread 53" [_thread_blocked, id=8560, stack(0x000000b376000000,0x000000b376100000)]
  0x000001b73c090000 JavaThread "jar transforms Thread 52" [_thread_blocked, id=2992, stack(0x000000b375f00000,0x000000b376000000)]
  0x000001b73c08c000 JavaThread "jar transforms Thread 51" [_thread_blocked, id=5648, stack(0x000000b375e00000,0x000000b375f00000)]
  0x000001b73a048000 JavaThread "jar transforms Thread 50" [_thread_blocked, id=24048, stack(0x000000b375d00000,0x000000b375e00000)]
  0x000001b73a047000 JavaThread "jar transforms Thread 49" [_thread_blocked, id=2684, stack(0x000000b375c00000,0x000000b375d00000)]
  0x000001b73a046800 JavaThread "jar transforms Thread 48" [_thread_blocked, id=2612, stack(0x000000b375b00000,0x000000b375c00000)]
  0x000001b73a041800 JavaThread "jar transforms Thread 47" [_thread_blocked, id=11324, stack(0x000000b375a00000,0x000000b375b00000)]
  0x000001b73a044800 JavaThread "jar transforms Thread 46" [_thread_blocked, id=11276, stack(0x000000b375900000,0x000000b375a00000)]
  0x000001b73a045800 JavaThread "jar transforms Thread 45" [_thread_blocked, id=11780, stack(0x000000b375800000,0x000000b375900000)]
  0x000001b73a041000 JavaThread "jar transforms Thread 44" [_thread_blocked, id=11804, stack(0x000000b375700000,0x000000b375800000)]
  0x000001b73a042800 JavaThread "jar transforms Thread 43" [_thread_blocked, id=11792, stack(0x000000b375600000,0x000000b375700000)]
  0x000001b73a044000 JavaThread "jar transforms Thread 42" [_thread_blocked, id=11772, stack(0x000000b375500000,0x000000b375600000)]
  0x000001b73a043000 JavaThread "jar transforms Thread 41" [_thread_blocked, id=11744, stack(0x000000b375400000,0x000000b375500000)]
  0x000001b73a039000 JavaThread "jar transforms Thread 40" [_thread_blocked, id=11728, stack(0x000000b375300000,0x000000b375400000)]
  0x000001b73a040000 JavaThread "jar transforms Thread 39" [_thread_blocked, id=11724, stack(0x000000b375200000,0x000000b375300000)]
  0x000001b73a03f000 JavaThread "jar transforms Thread 38" [_thread_blocked, id=11788, stack(0x000000b375100000,0x000000b375200000)]
  0x000001b73a03d000 JavaThread "jar transforms Thread 37" [_thread_blocked, id=11616, stack(0x000000b375000000,0x000000b375100000)]
  0x000001b73a03c000 JavaThread "jar transforms Thread 36" [_thread_blocked, id=11784, stack(0x000000b374f00000,0x000000b375000000)]
  0x000001b73a03b800 JavaThread "jar transforms Thread 35" [_thread_blocked, id=11764, stack(0x000000b374e00000,0x000000b374f00000)]
  0x000001b73a03a800 JavaThread "jar transforms Thread 34" [_thread_blocked, id=22068, stack(0x000000b374d00000,0x000000b374e00000)]
  0x000001b73a03e800 JavaThread "jar transforms Thread 33" [_thread_blocked, id=16488, stack(0x000000b374c00000,0x000000b374d00000)]
  0x000001b73a039800 JavaThread "jar transforms Thread 32" [_thread_blocked, id=11760, stack(0x000000b374b00000,0x000000b374c00000)]
  0x000001b73a03d800 JavaThread "jar transforms Thread 31" [_thread_blocked, id=10164, stack(0x000000b374a00000,0x000000b374b00000)]
  0x000001b739f2d800 JavaThread "jar transforms Thread 30" [_thread_blocked, id=7356, stack(0x000000b374900000,0x000000b374a00000)]
  0x000001b739f2c800 JavaThread "jar transforms Thread 29" [_thread_blocked, id=9620, stack(0x000000b374800000,0x000000b374900000)]
  0x000001b739f2b800 JavaThread "jar transforms Thread 28" [_thread_blocked, id=2464, stack(0x000000b374700000,0x000000b374800000)]
  0x000001b739f2b000 JavaThread "jar transforms Thread 27" [_thread_blocked, id=7076, stack(0x000000b374600000,0x000000b374700000)]
  0x000001b739f2e000 JavaThread "jar transforms Thread 26" [_thread_blocked, id=11800, stack(0x000000b374500000,0x000000b374600000)]
  0x000001b739f23000 JavaThread "jar transforms Thread 25" [_thread_blocked, id=10848, stack(0x000000b374400000,0x000000b374500000)]
  0x000001b739f2a000 JavaThread "jar transforms Thread 24" [_thread_blocked, id=9752, stack(0x000000b374300000,0x000000b374400000)]
  0x000001b739f22800 JavaThread "jar transforms Thread 23" [_thread_blocked, id=2520, stack(0x000000b374200000,0x000000b374300000)]
  0x000001b739f29800 JavaThread "jar transforms Thread 22" [_thread_blocked, id=5640, stack(0x000000b374100000,0x000000b374200000)]
  0x000001b739f28800 JavaThread "jar transforms Thread 21" [_thread_blocked, id=11748, stack(0x000000b374000000,0x000000b374100000)]
  0x000001b739f28000 JavaThread "jar transforms Thread 20" [_thread_blocked, id=8464, stack(0x000000b373f00000,0x000000b374000000)]
  0x000001b739f21800 JavaThread "jar transforms Thread 19" [_thread_blocked, id=11720, stack(0x000000b373e00000,0x000000b373f00000)]
  0x000001b739f24000 JavaThread "jar transforms Thread 18" [_thread_blocked, id=11600, stack(0x000000b373d00000,0x000000b373e00000)]
  0x000001b739f20000 JavaThread "jar transforms Thread 17" [_thread_blocked, id=11648, stack(0x000000b373c00000,0x000000b373d00000)]
  0x000001b739f20800 JavaThread "jar transforms Thread 16" [_thread_blocked, id=11776, stack(0x000000b373b00000,0x000000b373c00000)]
  0x000001b739f27000 JavaThread "jar transforms Thread 15" [_thread_blocked, id=11620, stack(0x000000b373a00000,0x000000b373b00000)]
  0x000001b739f25800 JavaThread "jar transforms Thread 14" [_thread_blocked, id=11636, stack(0x000000b373900000,0x000000b373a00000)]
  0x000001b739f24800 JavaThread "jar transforms Thread 13" [_thread_blocked, id=1580, stack(0x000000b373800000,0x000000b373900000)]
  0x000001b739f26000 JavaThread "jar transforms Thread 12" [_thread_blocked, id=2220, stack(0x000000b373700000,0x000000b373800000)]
  0x000001b739f1f000 JavaThread "jar transforms Thread 11" [_thread_blocked, id=9172, stack(0x000000b373600000,0x000000b373700000)]
  0x000001b737905800 JavaThread "jar transforms Thread 10" [_thread_blocked, id=9288, stack(0x000000b373500000,0x000000b373600000)]
  0x000001b7378fe000 JavaThread "jar transforms Thread 9" [_thread_blocked, id=22208, stack(0x000000b373400000,0x000000b373500000)]
  0x000001b737905000 JavaThread "jar transforms Thread 8" [_thread_blocked, id=18812, stack(0x000000b373300000,0x000000b373400000)]
  0x000001b7378fd000 JavaThread "jar transforms Thread 7" [_thread_blocked, id=3752, stack(0x000000b373200000,0x000000b373300000)]
  0x000001b737904000 JavaThread "jar transforms Thread 6" [_thread_blocked, id=3276, stack(0x000000b373100000,0x000000b373200000)]
  0x000001b737902800 JavaThread "jar transforms Thread 5" [_thread_blocked, id=2280, stack(0x000000b373000000,0x000000b373100000)]
  0x000001b737901800 JavaThread "jar transforms Thread 4" [_thread_blocked, id=8460, stack(0x000000b372f00000,0x000000b373000000)]
  0x000001b737900000 JavaThread "jar transforms Thread 3" [_thread_blocked, id=9140, stack(0x000000b372e00000,0x000000b372f00000)]
  0x000001b737901000 JavaThread "jar transforms Thread 2" [_thread_blocked, id=10220, stack(0x000000b372d00000,0x000000b372e00000)]
  0x000001b737903800 JavaThread "Build operations Thread 8" [_thread_blocked, id=1928, stack(0x000000b372c00000,0x000000b372d00000)]
  0x000001b7378fe800 JavaThread "Build operations Thread 7" [_thread_blocked, id=8324, stack(0x000000b372b00000,0x000000b372c00000)]
  0x000001b7378fa800 JavaThread "Build operations Thread 6" [_thread_blocked, id=9468, stack(0x000000b372a00000,0x000000b372b00000)]
  0x000001b7378ff800 JavaThread "Build operations Thread 5" [_thread_blocked, id=1148, stack(0x000000b372900000,0x000000b372a00000)]
  0x000001b7378f6800 JavaThread "Build operations Thread 4" [_thread_blocked, id=11292, stack(0x000000b372800000,0x000000b372900000)]
  0x000001b7378fa000 JavaThread "Build operations Thread 3" [_thread_blocked, id=2644, stack(0x000000b372700000,0x000000b372800000)]
  0x000001b7378f9000 JavaThread "Build operations Thread 2" [_thread_blocked, id=11288, stack(0x000000b372600000,0x000000b372700000)]
  0x000001b7378fc000 JavaThread "Build operations" [_thread_blocked, id=4604, stack(0x000000b372500000,0x000000b372600000)]
  0x000001b7378f7800 JavaThread "Cache worker for Build Output Cleanup Cache (C:\Users\Takudzwa\Documents\Projects\Mobile_Project_Tests\ServiceProvider\android\.gradle\buildOutputCleanup)" [_thread_blocked, id=20472, stack(0x000000b372400000,0x000000b372500000)]
  0x000001b738d7c800 JavaThread "Cache worker for file content cache (C:\Users\Takudzwa\.gradle\caches\6.9\fileContent)" [_thread_blocked, id=21832, stack(0x000000b372100000,0x000000b372200000)]
  0x000001b738d7b800 JavaThread "jar transforms" [_thread_blocked, id=16644, stack(0x000000b372000000,0x000000b372100000)]
  0x000001b738d7b000 JavaThread "Cache worker for execution history cache (C:\Users\Takudzwa\.gradle\caches\6.9\executionHistory)" [_thread_blocked, id=16960, stack(0x000000b371f00000,0x000000b372000000)]
  0x000001b738d7a000 JavaThread "Cache worker for cache directory md-rule (C:\Users\Takudzwa\.gradle\caches\6.9\md-rule)" [_thread_blocked, id=22564, stack(0x000000b371e00000,0x000000b371f00000)]
  0x000001b738d7f800 JavaThread "Cache worker for cache directory md-supplier (C:\Users\Takudzwa\.gradle\caches\6.9\md-supplier)" [_thread_blocked, id=9876, stack(0x000000b371d00000,0x000000b371e00000)]
  0x000001b738d7e000 JavaThread "Cache worker for checksums cache (C:\Users\Takudzwa\Documents\Projects\Mobile_Project_Tests\ServiceProvider\android\.gradle\checksums)" [_thread_blocked, id=5396, stack(0x000000b371c00000,0x000000b371d00000)]
  0x000001b738d79800 JavaThread "Cache worker for file hash cache (C:\Users\Takudzwa\Documents\Projects\Mobile_Project_Tests\ServiceProvider\android\.gradle\6.9\fileHashes)" [_thread_blocked, id=5316, stack(0x000000b371b00000,0x000000b371c00000)]
  0x000001b738d7f000 JavaThread "Cache worker for journal cache (C:\Users\Takudzwa\.gradle\caches\journal-1)" [_thread_blocked, id=22044, stack(0x000000b371a00000,0x000000b371b00000)]
  0x000001b738d80800 JavaThread "File lock request listener" [_thread_in_native, id=16856, stack(0x000000b371900000,0x000000b371a00000)]
  0x000001b738d7d000 JavaThread "Cache worker for file hash cache (C:\Users\Takudzwa\.gradle\caches\6.9\fileHashes)" [_thread_blocked, id=23092, stack(0x000000b371800000,0x000000b371900000)]
  0x000001b73955d800 JavaThread "Daemon client event forwarder" [_thread_blocked, id=16780, stack(0x000000b371700000,0x000000b371800000)]
  0x000001b73955a000 JavaThread "Stdin handler" [_thread_blocked, id=22720, stack(0x000000b371600000,0x000000b371700000)]
  0x000001b739563800 JavaThread "Asynchronous log dispatcher for DefaultDaemonConnection: socket connection from /127.0.0.1:59053 to /127.0.0.1:59054" [_thread_blocked, id=24080, stack(0x000000b371500000,0x000000b371600000)]
  0x000001b738ddf000 JavaThread "Daemon worker" [_thread_blocked, id=1428, stack(0x000000b371400000,0x000000b371500000)]
  0x000001b738ddc000 JavaThread "Cancel handler" [_thread_blocked, id=8592, stack(0x000000b371300000,0x000000b371400000)]
  0x000001b738dc0800 JavaThread "Handler for socket connection from /127.0.0.1:59053 to /127.0.0.1:59054" [_thread_in_native, id=980, stack(0x000000b371200000,0x000000b371300000)]
  0x000001b738dae000 JavaThread "Daemon" [_thread_blocked, id=7360, stack(0x000000b371100000,0x000000b371200000)]
  0x000001b738dad800 JavaThread "Daemon periodic checks" [_thread_blocked, id=8060, stack(0x000000b371000000,0x000000b371100000)]
  0x000001b738db3800 JavaThread "Incoming local TCP Connector on port 59053" [_thread_in_native, id=8684, stack(0x000000b370f00000,0x000000b371000000)]
  0x000001b73898b800 JavaThread "Daemon health stats" [_thread_blocked, id=23080, stack(0x000000b370e00000,0x000000b370f00000)]
  0x000001b735fbc000 JavaThread "Service Thread" daemon [_thread_blocked, id=23188, stack(0x000000b370c00000,0x000000b370d00000)]
=>0x000001b735f61800 JavaThread "C1 CompilerThread3" daemon [_thread_in_native, id=8716, stack(0x000000b370b00000,0x000000b370c00000)]
  0x000001b735f5e000 JavaThread "C2 CompilerThread2" daemon [_thread_in_native, id=7208, stack(0x000000b370a00000,0x000000b370b00000)]
  0x000001b735f5a000 JavaThread "C2 CompilerThread1" daemon [_thread_blocked, id=17452, stack(0x000000b370900000,0x000000b370a00000)]
  0x000001b735f5d000 JavaThread "C2 CompilerThread0" daemon [_thread_blocked, id=24108, stack(0x000000b370800000,0x000000b370900000)]
  0x000001b735f50800 JavaThread "Attach Listener" daemon [_thread_blocked, id=12032, stack(0x000000b370700000,0x000000b370800000)]
  0x000001b735f4b800 JavaThread "Signal Dispatcher" daemon [_thread_blocked, id=8492, stack(0x000000b370600000,0x000000b370700000)]
  0x000001b735f17000 JavaThread "Finalizer" daemon [_thread_blocked, id=8912, stack(0x000000b370500000,0x000000b370600000)]
  0x000001b735f0f000 JavaThread "Reference Handler" daemon [_thread_blocked, id=7196, stack(0x000000b370400000,0x000000b370500000)]
  0x000001b7229cc000 JavaThread "main" [_thread_blocked, id=10436, stack(0x000000b36fa00000,0x000000b36fb00000)]

Other Threads:
  0x000001b735ee2800 VMThread [stack: 0x000000b370300000,0x000000b370400000] [id=17148]
  0x000001b737320800 WatcherThread [stack: 0x000000b370d00000,0x000000b370e00000] [id=22088]

VM state:at safepoint (normal execution)

VM Mutex/Monitor currently owned by a thread:  ([mutex/lock_event])
[0x000001b7229c8f40] Threads_lock - owner thread: 0x000001b735ee2800
[0x000001b7229cb5d0] Heap_lock - owner thread: 0x000001b738d7f000

heap address: 0x00000000e0000000, size: 512 MB, Compressed Oops mode: 32-bit
Narrow klass base: 0x0000000000000000, Narrow klass shift: 3
Compressed class space size: 1073741824 Address: 0x0000000100000000

Heap:
 PSYoungGen      total 147968K, used 147960K [0x00000000f5580000, 0x0000000100000000, 0x0000000100000000)
  eden space 121344K, 100% used [0x00000000f5580000,0x00000000fcc00000,0x00000000fcc00000)
  from space 26624K, 99% used [0x00000000fcc00000,0x00000000fe5fe020,0x00000000fe600000)
  to   space 26624K, 36% used [0x00000000fe600000,0x00000000fef78000,0x0000000100000000)
 ParOldGen       total 190976K, used 77322K [0x00000000e0000000, 0x00000000eba80000, 0x00000000f5580000)
  object space 190976K, 40% used [0x00000000e0000000,0x00000000e4b82af0,0x00000000eba80000)
 Metaspace       used 69318K, capacity 76438K, committed 76672K, reserved 1114112K
  class space    used 9798K, capacity 11620K, committed 11648K, reserved 1048576K

Card table byte_map: [0x000001b733810000,0x000001b733920000] byte_map_base: 0x000001b733110000

Marking Bits: (ParMarkBitMap*) 0x000000005f01c820
 Begin Bits: [0x000001b733920000, 0x000001b734120000)
 End Bits:   [0x000001b734120000, 0x000001b734920000)

Polling page: 0x000001b722ba0000

CodeCache: size=245760Kb used=29823Kb max_used=29834Kb free=215936Kb
 bounds [0x000001b724450000, 0x000001b7261a0000, 0x000001b733450000]
 total_blobs=9570 nmethods=8773 adapters=707
 compilation: enabled

Compilation events (10 events):
Event: 99.546 Thread 0x000001b735f61800 nmethod 9747 0x000001b72618d190 code [0x000001b72618d3e0, 0x000001b72618e0d0]
Event: 99.547 Thread 0x000001b735f61800 9748       3       org.gradle.internal.resolve.result.DefaultBuildableComponentResolveResult::getMetadata (9 bytes)
Event: 99.547 Thread 0x000001b735f61800 nmethod 9748 0x000001b726185210 code [0x000001b7261853a0, 0x000001b726185810]
Event: 99.547 Thread 0x000001b735f61800 9750       3       org.gradle.internal.resolve.result.DefaultBuildableModuleComponentMetaDataResolveResult::missing (13 bytes)
Event: 99.548 Thread 0x000001b735f61800 nmethod 9750 0x000001b726184dd0 code [0x000001b726184f40, 0x000001b726185158]
Event: 99.548 Thread 0x000001b735f61800 9749       1       org.gradle.api.internal.attributes.EmptySchema$DoNothingCompatibilityRule::doesSomething (2 bytes)
Event: 99.548 Thread 0x000001b735f61800 nmethod 9749 0x000001b726184b10 code [0x000001b726184c60, 0x000001b726184d78]
Event: 99.548 Thread 0x000001b735f61800 9751       3       org.gradle.internal.component.external.model.maven.DefaultMavenModuleResolveMetadata::filterDependencies (224 bytes)
Event: 99.550 Thread 0x000001b735f5d000 9753 %     4       com.google.common.collect.ObjectArrays::checkElementsNotNull @ 2 (23 bytes)
Event: 99.554 Thread 0x000001b735f5d000 nmethod 9753% 0x000001b726192fd0 code [0x000001b726193120, 0x000001b7261932d8]

GC Heap History (10 events):
Event: 59.245 GC heap before
{Heap before GC invocations=12 (full 2):
 PSYoungGen      total 161280K, used 104561K [0x00000000f5580000, 0x0000000100000000, 0x0000000100000000)
  eden space 148992K, 61% used [0x00000000f5580000,0x00000000fafa14c0,0x00000000fe700000)
  from space 12288K, 99% used [0x00000000fe700000,0x00000000ff2fb320,0x00000000ff300000)
  to   space 13312K, 0% used [0x00000000ff300000,0x00000000ff300000,0x0000000100000000)
 ParOldGen       total 175104K, used 23785K [0x00000000e0000000, 0x00000000eab00000, 0x00000000f5580000)
  object space 175104K, 13% used [0x00000000e0000000,0x00000000e173a548,0x00000000eab00000)
 Metaspace       used 56498K, capacity 59074K, committed 59136K, reserved 1099776K
  class space    used 7877K, capacity 8438K, committed 8448K, reserved 1048576K
Event: 59.268 GC heap after
Heap after GC invocations=12 (full 2):
 PSYoungGen      total 145920K, used 13284K [0x00000000f5580000, 0x0000000100000000, 0x0000000100000000)
  eden space 132608K, 0% used [0x00000000f5580000,0x00000000f5580000,0x00000000fd700000)
  from space 13312K, 99% used [0x00000000ff300000,0x00000000ffff9320,0x0000000100000000)
  to   space 20992K, 0% used [0x00000000fd700000,0x00000000fd700000,0x00000000feb80000)
 ParOldGen       total 175104K, used 34641K [0x00000000e0000000, 0x00000000eab00000, 0x00000000f5580000)
  object space 175104K, 19% used [0x00000000e0000000,0x00000000e21d44a8,0x00000000eab00000)
 Metaspace       used 56498K, capacity 59074K, committed 59136K, reserved 1099776K
  class space    used 7877K, capacity 8438K, committed 8448K, reserved 1048576K
}
Event: 59.268 GC heap before
{Heap before GC invocations=13 (full 3):
 PSYoungGen      total 145920K, used 13284K [0x00000000f5580000, 0x0000000100000000, 0x0000000100000000)
  eden space 132608K, 0% used [0x00000000f5580000,0x00000000f5580000,0x00000000fd700000)
  from space 13312K, 99% used [0x00000000ff300000,0x00000000ffff9320,0x0000000100000000)
  to   space 20992K, 0% used [0x00000000fd700000,0x00000000fd700000,0x00000000feb80000)
 ParOldGen       total 175104K, used 34641K [0x00000000e0000000, 0x00000000eab00000, 0x00000000f5580000)
  object space 175104K, 19% used [0x00000000e0000000,0x00000000e21d44a8,0x00000000eab00000)
 Metaspace       used 56498K, capacity 59074K, committed 59136K, reserved 1099776K
  class space    used 7877K, capacity 8438K, committed 8448K, reserved 1048576K
Event: 59.520 GC heap after
Heap after GC invocations=13 (full 3):
 PSYoungGen      total 145920K, used 0K [0x00000000f5580000, 0x0000000100000000, 0x0000000100000000)
  eden space 132608K, 0% used [0x00000000f5580000,0x00000000f5580000,0x00000000fd700000)
  from space 13312K, 0% used [0x00000000ff300000,0x00000000ff300000,0x0000000100000000)
  to   space 20992K, 0% used [0x00000000fd700000,0x00000000fd700000,0x00000000feb80000)
 ParOldGen       total 190976K, used 39243K [0x00000000e0000000, 0x00000000eba80000, 0x00000000f5580000)
  object space 190976K, 20% used [0x00000000e0000000,0x00000000e2652c90,0x00000000eba80000)
 Metaspace       used 56426K, capacity 58828K, committed 59136K, reserved 1099776K
  class space    used 7854K, capacity 8397K, committed 8448K, reserved 1048576K
}
Event: 91.241 GC heap before
{Heap before GC invocations=14 (full 3):
 PSYoungGen      total 145920K, used 132608K [0x00000000f5580000, 0x0000000100000000, 0x0000000100000000)
  eden space 132608K, 100% used [0x00000000f5580000,0x00000000fd700000,0x00000000fd700000)
  from space 13312K, 0% used [0x00000000ff300000,0x00000000ff300000,0x0000000100000000)
  to   space 20992K, 0% used [0x00000000fd700000,0x00000000fd700000,0x00000000feb80000)
 ParOldGen       total 190976K, used 39243K [0x00000000e0000000, 0x00000000eba80000, 0x00000000f5580000)
  object space 190976K, 20% used [0x00000000e0000000,0x00000000e2652c90,0x00000000eba80000)
 Metaspace       used 60483K, capacity 63368K, committed 63488K, reserved 1103872K
  class space    used 8533K, capacity 9157K, committed 9216K, reserved 1048576K
Event: 91.259 GC heap after
Heap after GC invocations=14 (full 3):
 PSYoungGen      total 153600K, used 13665K [0x00000000f5580000, 0x0000000100000000, 0x0000000100000000)
  eden space 132608K, 0% used [0x00000000f5580000,0x00000000f5580000,0x00000000fd700000)
  from space 20992K, 65% used [0x00000000fd700000,0x00000000fe4587f0,0x00000000feb80000)
  to   space 20992K, 0% used [0x00000000feb80000,0x00000000feb80000,0x0000000100000000)
 ParOldGen       total 190976K, used 39251K [0x00000000e0000000, 0x00000000eba80000, 0x00000000f5580000)
  object space 190976K, 20% used [0x00000000e0000000,0x00000000e2654c90,0x00000000eba80000)
 Metaspace       used 60483K, capacity 63368K, committed 63488K, reserved 1103872K
  class space    used 8533K, capacity 9157K, committed 9216K, reserved 1048576K
}
Event: 94.480 GC heap before
{Heap before GC invocations=15 (full 3):
 PSYoungGen      total 153600K, used 146273K [0x00000000f5580000, 0x0000000100000000, 0x0000000100000000)
  eden space 132608K, 100% used [0x00000000f5580000,0x00000000fd700000,0x00000000fd700000)
  from space 20992K, 65% used [0x00000000fd700000,0x00000000fe4587f0,0x00000000feb80000)
  to   space 20992K, 0% used [0x00000000feb80000,0x00000000feb80000,0x0000000100000000)
 ParOldGen       total 190976K, used 39251K [0x00000000e0000000, 0x00000000eba80000, 0x00000000f5580000)
  object space 190976K, 20% used [0x00000000e0000000,0x00000000e2654c90,0x00000000eba80000)
 Metaspace       used 63107K, capacity 67492K, committed 67584K, reserved 1107968K
  class space    used 8909K, capacity 9974K, committed 9984K, reserved 1048576K
Event: 94.529 GC heap after
Heap after GC invocations=15 (full 3):
 PSYoungGen      total 142336K, used 20968K [0x00000000f5580000, 0x0000000100000000, 0x0000000100000000)
  eden space 121344K, 0% used [0x00000000f5580000,0x00000000f5580000,0x00000000fcc00000)
  from space 20992K, 99% used [0x00000000feb80000,0x00000000ffffa260,0x0000000100000000)
  to   space 26624K, 0% used [0x00000000fcc00000,0x00000000fcc00000,0x00000000fe600000)
 ParOldGen       total 190976K, used 48692K [0x00000000e0000000, 0x00000000eba80000, 0x00000000f5580000)
  object space 190976K, 25% used [0x00000000e0000000,0x00000000e2f8d080,0x00000000eba80000)
 Metaspace       used 63107K, capacity 67492K, committed 67584K, reserved 1107968K
  class space    used 8909K, capacity 9974K, committed 9984K, reserved 1048576K
}
Event: 97.287 GC heap before
{Heap before GC invocations=16 (full 3):
 PSYoungGen      total 142336K, used 142312K [0x00000000f5580000, 0x0000000100000000, 0x0000000100000000)
  eden space 121344K, 100% used [0x00000000f5580000,0x00000000fcc00000,0x00000000fcc00000)
  from space 20992K, 99% used [0x00000000feb80000,0x00000000ffffa260,0x0000000100000000)
  to   space 26624K, 0% used [0x00000000fcc00000,0x00000000fcc00000,0x00000000fe600000)
 ParOldGen       total 190976K, used 48692K [0x00000000e0000000, 0x00000000eba80000, 0x00000000f5580000)
  object space 190976K, 25% used [0x00000000e0000000,0x00000000e2f8d080,0x00000000eba80000)
 Metaspace       used 65995K, capacity 71684K, committed 71936K, reserved 1110016K
  class space    used 9297K, capacity 10751K, committed 10752K, reserved 1048576K
Event: 97.329 GC heap after
Heap after GC invocations=16 (full 3):
 PSYoungGen      total 147968K, used 26616K [0x00000000f5580000, 0x0000000100000000, 0x0000000100000000)
  eden space 121344K, 0% used [0x00000000f5580000,0x00000000f5580000,0x00000000fcc00000)
  from space 26624K, 99% used [0x00000000fcc00000,0x00000000fe5fe020,0x00000000fe600000)
  to   space 26624K, 0% used [0x00000000fe600000,0x00000000fe600000,0x0000000100000000)
 ParOldGen       total 190976K, used 60492K [0x00000000e0000000, 0x00000000eba80000, 0x00000000f5580000)
  object space 190976K, 31% used [0x00000000e0000000,0x00000000e3b13170,0x00000000eba80000)
 Metaspace       used 65995K, capacity 71684K, committed 71936K, reserved 1110016K
  class space    used 9297K, capacity 10751K, committed 10752K, reserved 1048576K
}

Deoptimization events (10 events):
Event: 99.240 Thread 0x000001b738ddf000 Uncommon trap: reason=unstable_if action=reinterpret pc=0x000001b725b920e8 method=java.util.regex.Pattern$GroupTail.match(Ljava/util/regex/Matcher;ILjava/lang/CharSequence;)Z @ 73
Event: 99.271 Thread 0x000001b738ddf000 Uncommon trap: reason=bimorphic action=maybe_recompile pc=0x000001b724987104 method=java.util.regex.Pattern$Slice.match(Ljava/util/regex/Matcher;ILjava/lang/CharSequence;)Z @ 75
Event: 99.275 Thread 0x000001b738ddf000 Uncommon trap: reason=unstable_if action=reinterpret pc=0x000001b7258e3b88 method=org.apache.commons.lang.StringUtils.isEmpty(Ljava/lang/String;)Z @ 1
Event: 99.277 Thread 0x000001b738ddf000 Uncommon trap: reason=bimorphic action=maybe_recompile pc=0x000001b724bc603c method=java.util.TreeMap.getEntryUsingComparator(Ljava/lang/Object;)Ljava/util/TreeMap$Entry; @ 29
Event: 99.278 Thread 0x000001b738ddf000 Uncommon trap: reason=bimorphic action=maybe_recompile pc=0x000001b724bc603c method=java.util.TreeMap.getEntryUsingComparator(Ljava/lang/Object;)Ljava/util/TreeMap$Entry; @ 29
Event: 99.278 Thread 0x000001b738ddf000 Uncommon trap: reason=bimorphic action=maybe_recompile pc=0x000001b724bc603c method=java.util.TreeMap.getEntryUsingComparator(Ljava/lang/Object;)Ljava/util/TreeMap$Entry; @ 29
Event: 99.280 Thread 0x000001b738ddf000 Uncommon trap: reason=bimorphic action=maybe_recompile pc=0x000001b724987104 method=java.util.regex.Pattern$Slice.match(Ljava/util/regex/Matcher;ILjava/lang/CharSequence;)Z @ 75
Event: 99.291 Thread 0x000001b738ddf000 Uncommon trap: reason=bimorphic action=maybe_recompile pc=0x000001b724987104 method=java.util.regex.Pattern$Slice.match(Ljava/util/regex/Matcher;ILjava/lang/CharSequence;)Z @ 75
Event: 99.293 Thread 0x000001b738ddf000 Uncommon trap: reason=bimorphic action=maybe_recompile pc=0x000001b724bc603c method=java.util.TreeMap.getEntryUsingComparator(Ljava/lang/Object;)Ljava/util/TreeMap$Entry; @ 29
Event: 99.296 Thread 0x000001b738ddf000 Uncommon trap: reason=bimorphic action=maybe_recompile pc=0x000001b724982e00 method=java.util.regex.Pattern$Slice.match(Ljava/util/regex/Matcher;ILjava/lang/CharSequence;)Z @ 75

Classes redefined (0 events):
No events

Internal exceptions (10 events):
Event: 98.544 Thread 0x000001b738ddf000 Exception <a 'java/lang/ClassNotFoundException': build_22jcxoczlxlrxbda7ryq524owCustomizer> (0x00000000f9cb4a78) thrown at [J:\jenkins\tmp\workspace\build\src\hotspot\src\share\vm\classfile\systemDictionary.cpp, line 217]
Event: 98.552 Thread 0x000001b738ddf000 Exception <a 'java/lang/ClassNotFoundException': build_22jcxoczlxlrxbda7ryq524ow$_run_closure1BeanInfo> (0x00000000f9d57a60) thrown at [J:\jenkins\tmp\workspace\build\src\hotspot\src\share\vm\classfile\systemDictionary.cpp, line 217]
Event: 98.552 Thread 0x000001b738ddf000 Exception <a 'java/lang/ClassNotFoundException': build_22jcxoczlxlrxbda7ryq524ow$_run_closure1Customizer> (0x00000000f9d5ca18) thrown at [J:\jenkins\tmp\workspace\build\src\hotspot\src\share\vm\classfile\systemDictionary.cpp, line 217]
Event: 98.734 Thread 0x000001b738ddf000 Exception <a 'java/lang/ClassNotFoundException': build_22jcxoczlxlrxbda7ryq524owBeanInfo> (0x00000000fa0dfe68) thrown at [J:\jenkins\tmp\workspace\build\src\hotspot\src\share\vm\classfile\systemDictionary.cpp, line 217]
Event: 98.734 Thread 0x000001b738ddf000 Exception <a 'java/lang/ClassNotFoundException': build_22jcxoczlxlrxbda7ryq524owCustomizer> (0x00000000fa0ecb58) thrown at [J:\jenkins\tmp\workspace\build\src\hotspot\src\share\vm\classfile\systemDictionary.cpp, line 217]
Event: 99.003 Thread 0x000001b738ddf000 Exception <a 'java/lang/ClassNotFoundException': build_22jcxoczlxlrxbda7ryq524ow$_run_closure1BeanInfo> (0x00000000faebd778) thrown at [J:\jenkins\tmp\workspace\build\src\hotspot\src\share\vm\classfile\systemDictionary.cpp, line 217]
Event: 99.004 Thread 0x000001b738ddf000 Exception <a 'java/lang/ClassNotFoundException': build_22jcxoczlxlrxbda7ryq524ow$_run_closure1Customizer> (0x00000000faed0128) thrown at [J:\jenkins\tmp\workspace\build\src\hotspot\src\share\vm\classfile\systemDictionary.cpp, line 217]
Event: 99.275 Thread 0x000001b738ddf000 Implicit null exception at 0x000001b7258e3b4c to 0x000001b7258e3b79
Event: 99.528 Thread 0x000001b738ddf000 Exception <a 'java/lang/ClassNotFoundException': build_21arvl8h55v2o5w7u97t1gqxzBeanInfo> (0x00000000fc8bde48) thrown at [J:\jenkins\tmp\workspace\build\src\hotspot\src\share\vm\classfile\systemDictionary.cpp, line 217]
Event: 99.529 Thread 0x000001b738ddf000 Exception <a 'java/lang/ClassNotFoundException': build_21arvl8h55v2o5w7u97t1gqxzCustomizer> (0x00000000fc8cab98) thrown at [J:\jenkins\tmp\workspace\build\src\hotspot\src\share\vm\classfile\systemDictionary.cpp, line 217]

Events (10 events):
Event: 99.528 loading class build_21arvl8h55v2o5w7u97t1gqxzCustomizer
Event: 99.528 loading class build_21arvl8h55v2o5w7u97t1gqxzCustomizer done
Event: 99.529 loading class build_21arvl8h55v2o5w7u97t1gqxzCustomizer
Event: 99.529 loading class build_21arvl8h55v2o5w7u97t1gqxzCustomizer done
Event: 99.533 loading class groovy/runtime/metaclass/build_21arvl8h55v2o5w7u97t1gqxz$_run_closure1MetaClass
Event: 99.533 loading class groovy/runtime/metaclass/build_21arvl8h55v2o5w7u97t1gqxz$_run_closure1MetaClass done
Event: 99.538 loading class groovy/runtime/metaclass/build_21arvl8h55v2o5w7u97t1gqxz$_run_closure1$_closure2MetaClass
Event: 99.538 loading class groovy/runtime/metaclass/build_21arvl8h55v2o5w7u97t1gqxz$_run_closure1$_closure2MetaClass done
Event: 99.540 loading class groovy/runtime/metaclass/build_21arvl8h55v2o5w7u97t1gqxz$_run_closure1$_closure3MetaClass
Event: 99.540 loading class groovy/runtime/metaclass/build_21arvl8h55v2o5w7u97t1gqxz$_run_closure1$_closure3MetaClass done


Dynamic libraries:
0x00007ff6ca7f0000 - 0x00007ff6ca82a000 	C:\Program Files\Eclipse Foundation\jdk-8.0.302.8-hotspot\bin\java.exe
0x00007ffee4bb0000 - 0x00007ffee4da8000 	C:\WINDOWS\SYSTEM32\ntdll.dll
0x00007ffee4ab0000 - 0x00007ffee4b6d000 	C:\WINDOWS\System32\KERNEL32.DLL
0x00007ffee2940000 - 0x00007ffee2c0e000 	C:\WINDOWS\System32\KERNELBASE.dll
0x00007ffee35c0000 - 0x00007ffee366e000 	C:\WINDOWS\System32\ADVAPI32.dll
0x00007ffee3e80000 - 0x00007ffee3f1e000 	C:\WINDOWS\System32\msvcrt.dll
0x00007ffee4760000 - 0x00007ffee47fc000 	C:\WINDOWS\System32\sechost.dll
0x00007ffee4980000 - 0x00007ffee4aa5000 	C:\WINDOWS\System32\RPCRT4.dll
0x00007ffee3140000 - 0x00007ffee32e0000 	C:\WINDOWS\System32\USER32.dll
0x00007ffee2880000 - 0x00007ffee28a2000 	C:\WINDOWS\System32\win32u.dll
0x00007ffee3bc0000 - 0x00007ffee3bea000 	C:\WINDOWS\System32\GDI32.dll
0x00007ffee2550000 - 0x00007ffee265b000 	C:\WINDOWS\System32\gdi32full.dll
0x00007ffee22d0000 - 0x00007ffee236d000 	C:\WINDOWS\System32\msvcp_win.dll
0x00007ffee2370000 - 0x00007ffee2470000 	C:\WINDOWS\System32\ucrtbase.dll
0x00007ffee1680000 - 0x00007ffee191a000 	C:\WINDOWS\WinSxS\amd64_microsoft.windows.common-controls_6595b64144ccf1df_6.0.19041.1110_none_60b5254171f9507e\COMCTL32.dll
0x00007ffee4800000 - 0x00007ffee4830000 	C:\WINDOWS\System32\IMM32.DLL
0x00007ffeb2b20000 - 0x00007ffeb2c0f000 	C:\Program Files\Eclipse Foundation\jdk-8.0.302.8-hotspot\jre\bin\msvcr120.dll
0x00007ffeaebe0000 - 0x00007ffeaec86000 	C:\Program Files\Eclipse Foundation\jdk-8.0.302.8-hotspot\jre\bin\msvcp120.dll
0x000000005e830000 - 0x000000005f09b000 	C:\Program Files\Eclipse Foundation\jdk-8.0.302.8-hotspot\jre\bin\server\jvm.dll
0x00007ffee3cf0000 - 0x00007ffee3cf8000 	C:\WINDOWS\System32\PSAPI.DLL
0x00007ffed9be0000 - 0x00007ffed9c07000 	C:\WINDOWS\SYSTEM32\WINMM.dll
0x00007ffed98b0000 - 0x00007ffed98b9000 	C:\WINDOWS\SYSTEM32\WSOCK32.dll
0x00007ffedbbc0000 - 0x00007ffedbbca000 	C:\WINDOWS\SYSTEM32\VERSION.dll
0x00007ffee4670000 - 0x00007ffee46db000 	C:\WINDOWS\System32\WS2_32.dll
0x00007ffee01c0000 - 0x00007ffee01cf000 	C:\Program Files\Eclipse Foundation\jdk-8.0.302.8-hotspot\jre\bin\verify.dll
0x00007ffed5cc0000 - 0x00007ffed5ce9000 	C:\Program Files\Eclipse Foundation\jdk-8.0.302.8-hotspot\jre\bin\java.dll
0x00007ffedb950000 - 0x00007ffedb966000 	C:\Program Files\Eclipse Foundation\jdk-8.0.302.8-hotspot\jre\bin\zip.dll
0x00007ffee3f20000 - 0x00007ffee4663000 	C:\WINDOWS\System32\SHELL32.dll
0x00007ffedf560000 - 0x00007ffedfcf5000 	C:\WINDOWS\SYSTEM32\windows.storage.dll
0x00007ffee3800000 - 0x00007ffee3b54000 	C:\WINDOWS\System32\combase.dll
0x00007ffee1530000 - 0x00007ffee1560000 	C:\WINDOWS\SYSTEM32\Wldp.dll
0x00007ffee3670000 - 0x00007ffee371d000 	C:\WINDOWS\System32\SHCORE.dll
0x00007ffee46e0000 - 0x00007ffee4735000 	C:\WINDOWS\System32\shlwapi.dll
0x00007ffee2210000 - 0x00007ffee222f000 	C:\WINDOWS\SYSTEM32\profapi.dll
0x00007ffed8b00000 - 0x00007ffed8b1a000 	C:\Program Files\Eclipse Foundation\jdk-8.0.302.8-hotspot\jre\bin\net.dll
0x00007ffee12c0000 - 0x00007ffee132a000 	C:\WINDOWS\system32\mswsock.dll
0x00007ffed84e0000 - 0x00007ffed84f2000 	C:\Program Files\Eclipse Foundation\jdk-8.0.302.8-hotspot\jre\bin\nio.dll
0x00007ffed0f00000 - 0x00007ffed0f27000 	C:\Users\Takudzwa\.gradle\native\49d0259a56938c7f99b2704e745ce422c4f750a7a20b539a32ccef96729676b1\windows-amd64\native-platform.dll
0x00007ffe9d660000 - 0x00007ffe9d7f6000 	C:\Users\Takudzwa\.gradle\native\12488b8bf47d2d4c9fbf2f6322a914ad602e24e48041cd04a747c6da556b65c4\windows-amd64\native-platform-file-events.dll
0x00007ffedfe80000 - 0x00007ffedfe8d000 	C:\Program Files\Eclipse Foundation\jdk-8.0.302.8-hotspot\jre\bin\management.dll
0x00007ffee1f90000 - 0x00007ffee1fa8000 	C:\WINDOWS\SYSTEM32\CRYPTSP.dll
0x00007ffee0ca0000 - 0x00007ffee0cd4000 	C:\WINDOWS\system32\rsaenh.dll
0x00007ffee2520000 - 0x00007ffee2547000 	C:\WINDOWS\System32\bcrypt.dll
0x00007ffee21d0000 - 0x00007ffee21fe000 	C:\WINDOWS\SYSTEM32\USERENV.dll
0x00007ffee28b0000 - 0x00007ffee2932000 	C:\WINDOWS\System32\bcryptprimitives.dll
0x00007ffee1480000 - 0x00007ffee148c000 	C:\WINDOWS\SYSTEM32\CRYPTBASE.dll
0x00007ffee0ff0000 - 0x00007ffee102b000 	C:\WINDOWS\SYSTEM32\IPHLPAPI.DLL
0x00007ffee3080000 - 0x00007ffee3088000 	C:\WINDOWS\System32\NSI.dll
0x00007ffed9550000 - 0x00007ffed9567000 	C:\WINDOWS\SYSTEM32\dhcpcsvc6.DLL
0x00007ffed93a0000 - 0x00007ffed93bd000 	C:\WINDOWS\SYSTEM32\dhcpcsvc.DLL
0x00007ffee1030000 - 0x00007ffee10fa000 	C:\WINDOWS\SYSTEM32\DNSAPI.dll
0x00007ffee1c00000 - 0x00007ffee1de4000 	C:\WINDOWS\SYSTEM32\dbghelp.dll

VM Arguments:
jvm_args: -XX:MaxMetaspaceSize=256m -XX:+HeapDumpOnOutOfMemoryError -Xms256m -Xmx512m -Dfile.encoding=windows-1252 -Duser.country=ZA -Duser.language=en -Duser.variant 
java_command: org.gradle.launcher.daemon.bootstrap.GradleDaemon 6.9
java_class_path (initial): C:\Users\Takudzwa\.gradle\wrapper\dists\gradle-6.9-all\dooywd8nv05k16orzxge2b1bs\gradle-6.9\lib\gradle-launcher-6.9.jar
Launcher Type: SUN_STANDARD

Environment Variables:
CLASSPATH=C:\Users\Takudzwa\Documents\Projects\Mobile_Project_Tests\ServiceProvider\android\\gradle\wrapper\gradle-wrapper.jar
USERNAME=Takudzwa
OS=Windows_NT
PROCESSOR_IDENTIFIER=AMD64 Family 23 Model 17 Stepping 0, AuthenticAMD



---------------  S Y S T E M  ---------------

OS: Windows 10.0 , 64 bit Build 19041 (10.0.19041.1889)

CPU:total 8 (initial active 8) (8 cores per cpu, 1 threads per core) family 23 model 17 stepping 0, cmov, cx8, fxsr, mmx, sse, sse2, sse3, ssse3, sse4.1, sse4.2, popcnt, avx, avx2, aes, clmul, mmxext, 3dnowpref, lzcnt, sse4a, tsc, tscinvbit, tscinv, bmi1

Memory: 4k page, physical 7920208k(489452k free), swap 14826920k(5197744k free)

vm_info: OpenJDK 64-Bit Server VM (25.302-b08) for windows-amd64 JRE (1.8.0_302-b08), built on Jul 20 2021 21:31:03 by "jenkins" with MS VC++ 12.0 (VS2013)

time: Sat Oct 01 02:03:40 2022
timezone: South Africa Standard Time
elapsed time: 99.627395 seconds (0d 0h 1m 39s)

